{"total": {"lines":{"total":368,"covered":310,"skipped":0,"pct":84.24},"statements":{"total":427,"covered":355,"skipped":0,"pct":83.14},"functions":{"total":84,"covered":68,"skipped":0,"pct":80.95},"branches":{"total":234,"covered":164,"skipped":0,"pct":70.09}}
,"/Users/DevAC/Desktop/Angaza/react-offline-sync/src/components/NetworkConnectivity.tsx": {"lines":{"total":74,"covered":57,"skipped":0,"pct":77.03},"functions":{"total":14,"covered":11,"skipped":0,"pct":78.57},"statements":{"total":82,"covered":63,"skipped":0,"pct":76.83},"branches":{"total":38,"covered":26,"skipped":0,"pct":68.42}}
,"/Users/DevAC/Desktop/Angaza/react-offline-sync/src/components/NetworkContext.tsx": {"lines":{"total":3,"covered":3,"skipped":0,"pct":100},"functions":{"total":0,"covered":0,"skipped":0,"pct":100},"statements":{"total":3,"covered":3,"skipped":0,"pct":100},"branches":{"total":0,"covered":0,"skipped":0,"pct":100}}
,"/Users/DevAC/Desktop/Angaza/react-offline-sync/src/components/NetworkProvider.tsx": {"lines":{"total":15,"covered":14,"skipped":0,"pct":93.33},"functions":{"total":2,"covered":1,"skipped":0,"pct":50},"statements":{"total":15,"covered":14,"skipped":0,"pct":93.33},"branches":{"total":14,"covered":7,"skipped":0,"pct":50}}
,"/Users/DevAC/Desktop/Angaza/react-offline-sync/src/components/ReduxNetworkProvider.tsx": {"lines":{"total":18,"covered":18,"skipped":0,"pct":100},"functions":{"total":5,"covered":4,"skipped":0,"pct":80},"statements":{"total":24,"covered":23,"skipped":0,"pct":95.83},"branches":{"total":5,"covered":5,"skipped":0,"pct":100}}
,"/Users/DevAC/Desktop/Angaza/react-offline-sync/src/redux/actionCreators.ts": {"lines":{"total":10,"covered":9,"skipped":0,"pct":90},"functions":{"total":5,"covered":5,"skipped":0,"pct":100},"statements":{"total":15,"covered":14,"skipped":0,"pct":93.33},"branches":{"total":4,"covered":3,"skipped":0,"pct":75}}
,"/Users/DevAC/Desktop/Angaza/react-offline-sync/src/redux/actionTypes.ts": {"lines":{"total":5,"covered":5,"skipped":0,"pct":100},"functions":{"total":0,"covered":0,"skipped":0,"pct":100},"statements":{"total":5,"covered":5,"skipped":0,"pct":100},"branches":{"total":0,"covered":0,"skipped":0,"pct":100}}
,"/Users/DevAC/Desktop/Angaza/react-offline-sync/src/redux/createNetworkMiddleware.ts": {"lines":{"total":61,"covered":59,"skipped":0,"pct":96.72},"functions":{"total":16,"covered":16,"skipped":0,"pct":100},"statements":{"total":70,"covered":68,"skipped":0,"pct":97.14},"branches":{"total":61,"covered":56,"skipped":0,"pct":91.8}}
,"/Users/DevAC/Desktop/Angaza/react-offline-sync/src/redux/createReducer.ts": {"lines":{"total":35,"covered":25,"skipped":0,"pct":71.43},"functions":{"total":8,"covered":6,"skipped":0,"pct":75},"statements":{"total":42,"covered":32,"skipped":0,"pct":76.19},"branches":{"total":24,"covered":13,"skipped":0,"pct":54.17}}
,"/Users/DevAC/Desktop/Angaza/react-offline-sync/src/redux/sagas.ts": {"lines":{"total":70,"covered":53,"skipped":0,"pct":75.71},"functions":{"total":13,"covered":10,"skipped":0,"pct":76.92},"statements":{"total":82,"covered":60,"skipped":0,"pct":73.17},"branches":{"total":42,"covered":26,"skipped":0,"pct":61.9}}
,"/Users/DevAC/Desktop/Angaza/react-offline-sync/src/utils/checkConnectivityInterval.ts": {"lines":{"total":7,"covered":7,"skipped":0,"pct":100},"functions":{"total":3,"covered":3,"skipped":0,"pct":100},"statements":{"total":7,"covered":7,"skipped":0,"pct":100},"branches":{"total":6,"covered":6,"skipped":0,"pct":100}}
,"/Users/DevAC/Desktop/Angaza/react-offline-sync/src/utils/checkInternetAccess.ts": {"lines":{"total":13,"covered":13,"skipped":0,"pct":100},"functions":{"total":3,"covered":3,"skipped":0,"pct":100},"statements":{"total":14,"covered":14,"skipped":0,"pct":100},"branches":{"total":10,"covered":7,"skipped":0,"pct":70}}
,"/Users/DevAC/Desktop/Angaza/react-offline-sync/src/utils/checkInternetConnection.ts": {"lines":{"total":13,"covered":9,"skipped":0,"pct":69.23},"functions":{"total":3,"covered":1,"skipped":0,"pct":33.33},"statements":{"total":20,"covered":11,"skipped":0,"pct":55},"branches":{"total":12,"covered":5,"skipped":0,"pct":41.67}}
,"/Users/DevAC/Desktop/Angaza/react-offline-sync/src/utils/constants.ts": {"lines":{"total":7,"covered":7,"skipped":0,"pct":100},"functions":{"total":0,"covered":0,"skipped":0,"pct":100},"statements":{"total":7,"covered":7,"skipped":0,"pct":100},"branches":{"total":0,"covered":0,"skipped":0,"pct":100}}
,"/Users/DevAC/Desktop/Angaza/react-offline-sync/src/utils/getSimilarActionInQueue.ts": {"lines":{"total":6,"covered":3,"skipped":0,"pct":50},"functions":{"total":3,"covered":2,"skipped":0,"pct":66.67},"statements":{"total":8,"covered":4,"skipped":0,"pct":50},"branches":{"total":4,"covered":1,"skipped":0,"pct":25}}
,"/Users/DevAC/Desktop/Angaza/react-offline-sync/src/utils/makeHttpRequest.ts": {"lines":{"total":26,"covered":24,"skipped":0,"pct":92.31},"functions":{"total":6,"covered":4,"skipped":0,"pct":66.67},"statements":{"total":26,"covered":24,"skipped":0,"pct":92.31},"branches":{"total":14,"covered":9,"skipped":0,"pct":64.29}}
,"/Users/DevAC/Desktop/Angaza/react-offline-sync/src/utils/nonNullable.ts": {"lines":{"total":1,"covered":0,"skipped":0,"pct":0},"functions":{"total":1,"covered":0,"skipped":0,"pct":0},"statements":{"total":1,"covered":0,"skipped":0,"pct":0},"branches":{"total":0,"covered":0,"skipped":0,"pct":100}}
,"/Users/DevAC/Desktop/Angaza/react-offline-sync/src/utils/objectEntries.ts": {"lines":{"total":2,"covered":2,"skipped":0,"pct":100},"functions":{"total":0,"covered":0,"skipped":0,"pct":100},"statements":{"total":2,"covered":2,"skipped":0,"pct":100},"branches":{"total":0,"covered":0,"skipped":0,"pct":100}}
,"/Users/DevAC/Desktop/Angaza/react-offline-sync/src/utils/wait.ts": {"lines":{"total":2,"covered":2,"skipped":0,"pct":100},"functions":{"total":2,"covered":2,"skipped":0,"pct":100},"statements":{"total":4,"covered":4,"skipped":0,"pct":100},"branches":{"total":0,"covered":0,"skipped":0,"pct":100}}
}
