{"/Users/DevAC/Desktop/Angaza/react-offline-sync/src/components/NetworkConnectivity.tsx": {"path":"/Users/DevAC/Desktop/Angaza/react-offline-sync/src/components/NetworkConnectivity.tsx","statementMap":{"0":{"start":{"line":1,"column":0},"end":{"line":1,"column":null}},"1":{"start":{"line":2,"column":0},"end":{"line":2,"column":null}},"2":{"start":{"line":3,"column":0},"end":{"line":3,"column":null}},"3":{"start":{"line":4,"column":0},"end":{"line":4,"column":null}},"4":{"start":{"line":5,"column":0},"end":{"line":5,"column":null}},"5":{"start":{"line":7,"column":0},"end":{"line":7,"column":null}},"6":{"start":{"line":18,"column":2},"end":{"line":22,"column":null}},"7":{"start":{"line":19,"column":4},"end":{"line":19,"column":10}},"8":{"start":{"line":23,"column":2},"end":{"line":25,"column":null}},"9":{"start":{"line":24,"column":4},"end":{"line":24,"column":10}},"10":{"start":{"line":26,"column":2},"end":{"line":28,"column":null}},"11":{"start":{"line":27,"column":4},"end":{"line":27,"column":10}},"12":{"start":{"line":29,"column":2},"end":{"line":31,"column":null}},"13":{"start":{"line":30,"column":4},"end":{"line":30,"column":10}},"14":{"start":{"line":32,"column":2},"end":{"line":34,"column":null}},"15":{"start":{"line":33,"column":4},"end":{"line":33,"column":10}},"16":{"start":{"line":35,"column":2},"end":{"line":37,"column":null}},"17":{"start":{"line":36,"column":4},"end":{"line":36,"column":10}},"18":{"start":{"line":38,"column":2},"end":{"line":40,"column":null}},"19":{"start":{"line":39,"column":4},"end":{"line":39,"column":10}},"20":{"start":{"line":41,"column":2},"end":{"line":43,"column":null}},"21":{"start":{"line":42,"column":4},"end":{"line":42,"column":10}},"22":{"start":{"line":46,"column":0},"end":{"line":46,"column":34}},"23":{"start":{"line":46,"column":34},"end":{"line":46,"column":39}},"24":{"start":{"line":58,"column":4},"end":{"line":58,"column":null}},"25":{"start":{"line":50,"column":10},"end":{"line":50,"column":36}},"26":{"start":{"line":50,"column":42},"end":{"line":50,"column":51}},"27":{"start":{"line":103,"column":2},"end":{"line":103,"column":24}},"28":{"start":{"line":104,"column":4},"end":{"line":108,"column":null}},"29":{"start":{"line":105,"column":6},"end":{"line":105,"column":10}},"30":{"start":{"line":107,"column":6},"end":{"line":107,"column":10}},"31":{"start":{"line":111,"column":2},"end":{"line":111,"column":18}},"32":{"start":{"line":111,"column":18},"end":{"line":111,"column":null}},"33":{"start":{"line":112,"column":10},"end":{"line":112,"column":null}},"34":{"start":{"line":119,"column":4},"end":{"line":121,"column":null}},"35":{"start":{"line":120,"column":6},"end":{"line":120,"column":null}},"36":{"start":{"line":122,"column":46},"end":{"line":122,"column":52}},"37":{"start":{"line":122,"column":10},"end":{"line":122,"column":11}},"38":{"start":{"line":132,"column":4},"end":{"line":132,"column":9}},"39":{"start":{"line":138,"column":2},"end":{"line":138,"column":20}},"40":{"start":{"line":139,"column":12},"end":{"line":139,"column":null}},"41":{"start":{"line":140,"column":12},"end":{"line":140,"column":null}},"42":{"start":{"line":141,"column":4},"end":{"line":143,"column":null}},"43":{"start":{"line":142,"column":6},"end":{"line":142,"column":null}},"44":{"start":{"line":144,"column":4},"end":{"line":144,"column":8}},"45":{"start":{"line":147,"column":2},"end":{"line":147,"column":29}},"46":{"start":{"line":147,"column":32},"end":{"line":147,"column":59}},"47":{"start":{"line":148,"column":4},"end":{"line":148,"column":8}},"48":{"start":{"line":59,"column":4},"end":{"line":59,"column":17}},"49":{"start":{"line":60,"column":4},"end":{"line":60,"column":8}},"50":{"start":{"line":65,"column":8},"end":{"line":65,"column":null}},"51":{"start":{"line":66,"column":12},"end":{"line":66,"column":24}},"52":{"start":{"line":67,"column":10},"end":{"line":67,"column":17}},"53":{"start":{"line":69,"column":4},"end":{"line":69,"column":9}},"54":{"start":{"line":71,"column":8},"end":{"line":71,"column":17}},"55":{"start":{"line":72,"column":27},"end":{"line":72,"column":33}},"56":{"start":{"line":72,"column":12},"end":{"line":72,"column":24}},"57":{"start":{"line":73,"column":6},"end":{"line":73,"column":13}},"58":{"start":{"line":75,"column":4},"end":{"line":77,"column":null}},"59":{"start":{"line":76,"column":6},"end":{"line":76,"column":26}},"60":{"start":{"line":80,"column":2},"end":{"line":80,"column":21}},"61":{"start":{"line":81,"column":10},"end":{"line":81,"column":12}},"62":{"start":{"line":81,"column":12},"end":{"line":81,"column":27}},"63":{"start":{"line":81,"column":27},"end":{"line":81,"column":null}},"64":{"start":{"line":82,"column":12},"end":{"line":82,"column":null}},"65":{"start":{"line":83,"column":4},"end":{"line":85,"column":null}},"66":{"start":{"line":84,"column":6},"end":{"line":84,"column":11}},"67":{"start":{"line":86,"column":4},"end":{"line":88,"column":null}},"68":{"start":{"line":87,"column":6},"end":{"line":87,"column":26}},"69":{"start":{"line":91,"column":2},"end":{"line":91,"column":null}},"70":{"start":{"line":92,"column":4},"end":{"line":92,"column":9}},"71":{"start":{"line":93,"column":4},"end":{"line":93,"column":24}},"72":{"start":{"line":96,"column":2},"end":{"line":96,"column":null}},"73":{"start":{"line":97,"column":12},"end":{"line":97,"column":null}},"74":{"start":{"line":98,"column":4},"end":{"line":98,"column":11}},"75":{"start":{"line":153,"column":2},"end":{"line":153,"column":null}},"76":{"start":{"line":154,"column":12},"end":{"line":154,"column":null}},"77":{"start":{"line":155,"column":4},"end":{"line":155,"column":11}},"78":{"start":{"line":52,"column":9},"end":{"line":52,"column":21}},"79":{"start":{"line":54,"column":32},"end":{"line":54,"column":41}},"80":{"start":{"line":157,"column":0},"end":{"line":157,"column":1}},"81":{"start":{"line":159,"column":15},"end":{"line":159,"column":null}}},"fnMap":{"0":{"name":"validateProps","decl":{"start":{"line":17,"column":9},"end":{"line":17,"column":23}},"loc":{"start":{"line":17,"column":43},"end":{"line":44,"column":null}}},"1":{"name":"(anonymous_22)","decl":{"start":{"line":46,"column":0},"end":{"line":46,"column":34}},"loc":{"start":{"line":46,"column":0},"end":{"line":157,"column":null}}},"2":{"name":"NetworkConnectivity","decl":{"start":{"line":57,"column":2},"end":{"line":57,"column":14}},"loc":{"start":{"line":57,"column":34},"end":{"line":63,"column":null}}},"3":{"name":"(anonymous_24)","decl":{"start":{"line":50,"column":36},"end":{"line":50,"column":42}},"loc":{"start":{"line":50,"column":36},"end":{"line":50,"column":null}}},"4":{"name":"(anonymous_25)","decl":{"start":{"line":103,"column":24},"end":{"line":103,"column":25}},"loc":{"start":{"line":103,"column":54},"end":{"line":109,"column":null}}},"5":{"name":"(anonymous_26)","decl":{"start":{"line":111,"column":18},"end":{"line":111,"column":null}},"loc":{"start":{"line":111,"column":18},"end":{"line":136,"column":null}}},"6":{"name":"(anonymous_29)","decl":{"start":{"line":138,"column":20},"end":{"line":138,"column":null}},"loc":{"start":{"line":138,"column":20},"end":{"line":145,"column":null}}},"7":{"name":"(anonymous_30)","decl":{"start":{"line":147,"column":29},"end":{"line":147,"column":30}},"loc":{"start":{"line":147,"column":59},"end":{"line":151,"column":null}}},"8":{"name":"(anonymous_31)","decl":{"start":{"line":65,"column":2},"end":{"line":65,"column":8}},"loc":{"start":{"line":65,"column":2},"end":{"line":78,"column":null}}},"9":{"name":"(anonymous_34)","decl":{"start":{"line":80,"column":2},"end":{"line":80,"column":21}},"loc":{"start":{"line":80,"column":75},"end":{"line":89,"column":null}}},"10":{"name":"(anonymous_35)","decl":{"start":{"line":91,"column":2},"end":{"line":91,"column":null}},"loc":{"start":{"line":91,"column":2},"end":{"line":94,"column":null}}},"11":{"name":"(anonymous_36)","decl":{"start":{"line":96,"column":2},"end":{"line":96,"column":null}},"loc":{"start":{"line":96,"column":2},"end":{"line":101,"column":null}}},"12":{"name":"(anonymous_37)","decl":{"start":{"line":153,"column":2},"end":{"line":153,"column":null}},"loc":{"start":{"line":153,"column":2},"end":{"line":156,"column":null}}},"13":{"name":"onConnectivityChange","decl":{"start":{"line":54,"column":26},"end":{"line":54,"column":32}},"loc":{"start":{"line":54,"column":26},"end":{"line":54,"column":null}}}},"branchMap":{"0":{"loc":{"start":{"line":18,"column":2},"end":{"line":22,"column":null}},"type":"if","locations":[{"start":{"line":18,"column":2},"end":{"line":22,"column":null}},{"start":{"line":18,"column":2},"end":{"line":22,"column":null}}]},"1":{"loc":{"start":{"line":23,"column":2},"end":{"line":25,"column":null}},"type":"if","locations":[{"start":{"line":23,"column":2},"end":{"line":25,"column":null}},{"start":{"line":23,"column":2},"end":{"line":25,"column":null}}]},"2":{"loc":{"start":{"line":26,"column":2},"end":{"line":28,"column":null}},"type":"if","locations":[{"start":{"line":26,"column":2},"end":{"line":28,"column":null}},{"start":{"line":26,"column":2},"end":{"line":28,"column":null}}]},"3":{"loc":{"start":{"line":29,"column":2},"end":{"line":31,"column":null}},"type":"if","locations":[{"start":{"line":29,"column":2},"end":{"line":31,"column":null}},{"start":{"line":29,"column":2},"end":{"line":31,"column":null}}]},"4":{"loc":{"start":{"line":32,"column":2},"end":{"line":34,"column":null}},"type":"if","locations":[{"start":{"line":32,"column":2},"end":{"line":34,"column":null}},{"start":{"line":32,"column":2},"end":{"line":34,"column":null}}]},"5":{"loc":{"start":{"line":35,"column":2},"end":{"line":37,"column":null}},"type":"if","locations":[{"start":{"line":35,"column":2},"end":{"line":37,"column":null}},{"start":{"line":35,"column":2},"end":{"line":37,"column":null}}]},"6":{"loc":{"start":{"line":38,"column":2},"end":{"line":40,"column":null}},"type":"if","locations":[{"start":{"line":38,"column":2},"end":{"line":40,"column":null}},{"start":{"line":38,"column":2},"end":{"line":40,"column":null}}]},"7":{"loc":{"start":{"line":41,"column":2},"end":{"line":43,"column":null}},"type":"if","locations":[{"start":{"line":41,"column":2},"end":{"line":43,"column":null}},{"start":{"line":41,"column":2},"end":{"line":43,"column":null}}]},"8":{"loc":{"start":{"line":58,"column":4},"end":{"line":58,"column":10}},"type":"binary-expr","locations":[{"start":{"line":58,"column":4},"end":{"line":58,"column":10}},{"start":{"line":58,"column":16},"end":{"line":58,"column":null}}]},"9":{"loc":{"start":{"line":104,"column":4},"end":{"line":108,"column":null}},"type":"if","locations":[{"start":{"line":104,"column":4},"end":{"line":108,"column":null}},{"start":{"line":104,"column":4},"end":{"line":108,"column":null}}]},"10":{"loc":{"start":{"line":119,"column":4},"end":{"line":121,"column":null}},"type":"if","locations":[{"start":{"line":119,"column":4},"end":{"line":121,"column":null}},{"start":{"line":119,"column":4},"end":{"line":121,"column":null}}]},"11":{"loc":{"start":{"line":119,"column":8},"end":{"line":119,"column":38}},"type":"binary-expr","locations":[{"start":{"line":119,"column":8},"end":{"line":119,"column":38}},{"start":{"line":119,"column":38},"end":{"line":119,"column":74}}]},"12":{"loc":{"start":{"line":141,"column":4},"end":{"line":143,"column":null}},"type":"if","locations":[{"start":{"line":141,"column":4},"end":{"line":143,"column":null}},{"start":{"line":141,"column":4},"end":{"line":143,"column":null}}]},"13":{"loc":{"start":{"line":141,"column":8},"end":{"line":141,"column":19}},"type":"binary-expr","locations":[{"start":{"line":141,"column":8},"end":{"line":141,"column":19}},{"start":{"line":141,"column":23},"end":{"line":141,"column":51}}]},"14":{"loc":{"start":{"line":71,"column":8},"end":{"line":71,"column":17}},"type":"if","locations":[{"start":{"line":71,"column":8},"end":{"line":71,"column":17}},{"start":{"line":71,"column":8},"end":{"line":71,"column":17}}]},"15":{"loc":{"start":{"line":75,"column":4},"end":{"line":77,"column":null}},"type":"if","locations":[{"start":{"line":75,"column":4},"end":{"line":77,"column":null}},{"start":{"line":75,"column":4},"end":{"line":77,"column":null}}]},"16":{"loc":{"start":{"line":83,"column":4},"end":{"line":85,"column":null}},"type":"if","locations":[{"start":{"line":83,"column":4},"end":{"line":85,"column":null}},{"start":{"line":83,"column":4},"end":{"line":85,"column":null}}]},"17":{"loc":{"start":{"line":86,"column":4},"end":{"line":88,"column":null}},"type":"if","locations":[{"start":{"line":86,"column":4},"end":{"line":88,"column":null}},{"start":{"line":86,"column":4},"end":{"line":88,"column":null}}]},"18":{"loc":{"start":{"line":99,"column":8},"end":{"line":99,"column":null}},"type":"cond-expr","locations":[{"start":{"line":99,"column":8},"end":{"line":99,"column":null}},{"start":{"line":100,"column":8},"end":{"line":100,"column":null}}]}},"s":{"0":4,"1":4,"2":4,"3":4,"4":4,"5":4,"6":23,"7":1,"8":22,"9":1,"10":21,"11":1,"12":20,"13":1,"14":19,"15":1,"16":18,"17":1,"18":17,"19":1,"20":16,"21":1,"22":4,"23":4,"24":23,"25":23,"26":0,"27":23,"28":2,"29":1,"30":1,"31":23,"32":2,"33":2,"34":2,"35":1,"36":1,"37":1,"38":0,"39":23,"40":2,"41":2,"42":2,"43":1,"44":1,"45":23,"46":2,"47":2,"48":23,"49":15,"50":4,"51":15,"52":15,"53":15,"54":30,"55":0,"56":0,"57":0,"58":15,"59":1,"60":4,"61":2,"62":2,"63":2,"64":2,"65":2,"66":0,"67":2,"68":1,"69":4,"70":0,"71":0,"72":4,"73":16,"74":16,"75":4,"76":16,"77":16,"78":4,"79":1,"80":4,"81":4},"f":{"0":23,"1":4,"2":23,"3":0,"4":2,"5":4,"6":2,"7":2,"8":15,"9":2,"10":0,"11":16,"12":16,"13":1},"b":{"0":[1,22],"1":[1,21],"2":[1,20],"3":[1,19],"4":[1,18],"5":[1,17],"6":[1,16],"7":[1,15],"8":[23,23],"9":[1,1],"10":[1,1],"11":[2,2],"12":[1,1],"13":[2,1],"14":[15,0],"15":[1,14],"16":[0,2],"17":[1,1],"18":[14,2]}}
,"/Users/DevAC/Desktop/Angaza/react-offline-sync/src/components/NetworkConsumer.tsx": {"path":"/Users/DevAC/Desktop/Angaza/react-offline-sync/src/components/NetworkConsumer.tsx","statementMap":{"0":{"start":{"line":1,"column":0},"end":{"line":1,"column":null}},"1":{"start":{"line":2,"column":0},"end":{"line":2,"column":null}},"2":{"start":{"line":9,"column":42},"end":{"line":9,"column":59}},"3":{"start":{"line":10,"column":2},"end":{"line":10,"column":null}},"4":{"start":{"line":13,"column":8},"end":{"line":18,"column":null}},"5":{"start":{"line":14,"column":10},"end":{"line":14,"column":16}},"6":{"start":{"line":19,"column":8},"end":{"line":19,"column":15}}},"fnMap":{"0":{"name":"NetworkConsumer","decl":{"start":{"line":9,"column":24},"end":{"line":9,"column":40}},"loc":{"start":{"line":9,"column":59},"end":{"line":23,"column":null}}},"1":{"name":"(anonymous_1)","decl":{"start":{"line":12,"column":7},"end":{"line":12,"column":14}},"loc":{"start":{"line":12,"column":14},"end":{"line":20,"column":null}}}},"branchMap":{"0":{"loc":{"start":{"line":13,"column":8},"end":{"line":18,"column":null}},"type":"if","locations":[{"start":{"line":13,"column":8},"end":{"line":18,"column":null}},{"start":{"line":13,"column":8},"end":{"line":18,"column":null}}]}},"s":{"0":1,"1":1,"2":2,"3":2,"4":2,"5":1,"6":1},"f":{"0":2,"1":2},"b":{"0":[1,1]}}
,"/Users/DevAC/Desktop/Angaza/react-offline-sync/src/components/NetworkContext.tsx": {"path":"/Users/DevAC/Desktop/Angaza/react-offline-sync/src/components/NetworkContext.tsx","statementMap":{"0":{"start":{"line":1,"column":0},"end":{"line":1,"column":null}},"1":{"start":{"line":4,"column":23},"end":{"line":4,"column":68}},"2":{"start":{"line":6,"column":15},"end":{"line":6,"column":null}}},"fnMap":{},"branchMap":{},"s":{"0":2,"1":2,"2":2},"f":{},"b":{}}
,"/Users/DevAC/Desktop/Angaza/react-offline-sync/src/components/NetworkProvider.tsx": {"path":"/Users/DevAC/Desktop/Angaza/react-offline-sync/src/components/NetworkProvider.tsx","statementMap":{"0":{"start":{"line":1,"column":0},"end":{"line":1,"column":null}},"1":{"start":{"line":2,"column":0},"end":{"line":2,"column":null}},"2":{"start":{"line":3,"column":0},"end":{"line":3,"column":null}},"3":{"start":{"line":5,"column":0},"end":{"line":5,"column":null}},"4":{"start":{"line":12,"column":2},"end":{"line":12,"column":null}},"5":{"start":{"line":13,"column":2},"end":{"line":13,"column":null}},"6":{"start":{"line":14,"column":2},"end":{"line":14,"column":null}},"7":{"start":{"line":15,"column":2},"end":{"line":15,"column":null}},"8":{"start":{"line":16,"column":2},"end":{"line":16,"column":null}},"9":{"start":{"line":17,"column":2},"end":{"line":17,"column":null}},"10":{"start":{"line":18,"column":2},"end":{"line":18,"column":null}},"11":{"start":{"line":19,"column":2},"end":{"line":19,"column":null}},"12":{"start":{"line":21,"column":2},"end":{"line":21,"column":null}},"13":{"start":{"line":33,"column":26},"end":{"line":33,"column":null}},"14":{"start":{"line":42,"column":15},"end":{"line":42,"column":null}}},"fnMap":{"0":{"name":"NetworkProvider","decl":{"start":{"line":11,"column":9},"end":{"line":11,"column":25}},"loc":{"start":{"line":20,"column":17},"end":{"line":40,"column":null}}},"1":{"name":"(anonymous_3)","decl":{"start":{"line":33,"column":7},"end":{"line":33,"column":22}},"loc":{"start":{"line":33,"column":22},"end":{"line":37,"column":null}}}},"branchMap":{"0":{"loc":{"start":{"line":12,"column":2},"end":{"line":12,"column":null}},"type":"cond-expr","locations":[{"start":{"line":12,"column":2},"end":{"line":12,"column":null}},{"start":{"line":12,"column":2},"end":{"line":12,"column":null}}]},"1":{"loc":{"start":{"line":13,"column":2},"end":{"line":13,"column":null}},"type":"cond-expr","locations":[{"start":{"line":13,"column":2},"end":{"line":13,"column":null}},{"start":{"line":13,"column":2},"end":{"line":13,"column":null}}]},"2":{"loc":{"start":{"line":14,"column":2},"end":{"line":14,"column":null}},"type":"cond-expr","locations":[{"start":{"line":14,"column":2},"end":{"line":14,"column":null}},{"start":{"line":14,"column":2},"end":{"line":14,"column":null}}]},"3":{"loc":{"start":{"line":15,"column":2},"end":{"line":15,"column":null}},"type":"cond-expr","locations":[{"start":{"line":15,"column":2},"end":{"line":15,"column":null}},{"start":{"line":15,"column":2},"end":{"line":15,"column":null}}]},"4":{"loc":{"start":{"line":16,"column":2},"end":{"line":16,"column":null}},"type":"cond-expr","locations":[{"start":{"line":16,"column":2},"end":{"line":16,"column":null}},{"start":{"line":16,"column":2},"end":{"line":16,"column":null}}]},"5":{"loc":{"start":{"line":17,"column":2},"end":{"line":17,"column":null}},"type":"cond-expr","locations":[{"start":{"line":17,"column":2},"end":{"line":17,"column":null}},{"start":{"line":17,"column":2},"end":{"line":17,"column":null}}]},"6":{"loc":{"start":{"line":18,"column":2},"end":{"line":18,"column":null}},"type":"cond-expr","locations":[{"start":{"line":18,"column":2},"end":{"line":18,"column":null}},{"start":{"line":18,"column":2},"end":{"line":18,"column":null}}]}},"s":{"0":2,"1":2,"2":2,"3":2,"4":4,"5":4,"6":4,"7":4,"8":4,"9":4,"10":4,"11":2,"12":2,"13":1,"14":2},"f":{"0":2,"1":1},"b":{"0":[1,1],"1":[1,1],"2":[1,1],"3":[1,1],"4":[1,1],"5":[1,1],"6":[1,1]}}
,"/Users/DevAC/Desktop/Angaza/react-offline-sync/src/components/ReduxNetworkProvider.tsx": {"path":"/Users/DevAC/Desktop/Angaza/react-offline-sync/src/components/ReduxNetworkProvider.tsx","statementMap":{"0":{"start":{"line":1,"column":0},"end":{"line":1,"column":null}},"1":{"start":{"line":2,"column":0},"end":{"line":2,"column":null}},"2":{"start":{"line":4,"column":0},"end":{"line":4,"column":null}},"3":{"start":{"line":5,"column":0},"end":{"line":5,"column":null}},"4":{"start":{"line":8,"column":0},"end":{"line":8,"column":null}},"5":{"start":{"line":25,"column":0},"end":{"line":25,"column":35}},"6":{"start":{"line":25,"column":35},"end":{"line":25,"column":40}},"7":{"start":{"line":28,"column":2},"end":{"line":28,"column":29}},"8":{"start":{"line":29,"column":10},"end":{"line":29,"column":12}},"9":{"start":{"line":29,"column":12},"end":{"line":29,"column":39}},"10":{"start":{"line":29,"column":39},"end":{"line":29,"column":null}},"11":{"start":{"line":30,"column":4},"end":{"line":32,"column":null}},"12":{"start":{"line":31,"column":6},"end":{"line":31,"column":14}},"13":{"start":{"line":35,"column":2},"end":{"line":35,"column":null}},"14":{"start":{"line":36,"column":10},"end":{"line":36,"column":12}},"15":{"start":{"line":36,"column":12},"end":{"line":36,"column":22}},"16":{"start":{"line":36,"column":22},"end":{"line":36,"column":null}},"17":{"start":{"line":37,"column":4},"end":{"line":37,"column":null}},"18":{"start":{"line":42,"column":15},"end":{"line":42,"column":23}},"19":{"start":{"line":26,"column":9},"end":{"line":26,"column":24}},"20":{"start":{"line":46,"column":0},"end":{"line":46,"column":1}},"21":{"start":{"line":48,"column":24},"end":{"line":50,"column":null}},"22":{"start":{"line":48,"column":45},"end":{"line":48,"column":46}},"23":{"start":{"line":52,"column":38},"end":{"line":52,"column":46}}},"fnMap":{"0":{"name":"(anonymous_9)","decl":{"start":{"line":25,"column":0},"end":{"line":25,"column":35}},"loc":{"start":{"line":25,"column":0},"end":{"line":46,"column":null}}},"1":{"name":"(anonymous_11)","decl":{"start":{"line":28,"column":29},"end":{"line":28,"column":30}},"loc":{"start":{"line":28,"column":50},"end":{"line":33,"column":null}}},"2":{"name":"(anonymous_12)","decl":{"start":{"line":35,"column":2},"end":{"line":35,"column":null}},"loc":{"start":{"line":35,"column":2},"end":{"line":45,"column":null}}},"3":{"name":"(anonymous_13)","decl":{"start":{"line":42,"column":9},"end":{"line":42,"column":15}},"loc":{"start":{"line":42,"column":9},"end":{"line":42,"column":null}}},"4":{"name":"mapStateToProps","decl":{"start":{"line":48,"column":6},"end":{"line":48,"column":21}},"loc":{"start":{"line":48,"column":40},"end":{"line":50,"column":null}}}},"branchMap":{"0":{"loc":{"start":{"line":25,"column":0},"end":{"line":25,"column":35}},"type":"binary-expr","locations":[{"start":{"line":25,"column":0},"end":{"line":25,"column":35}},{"start":{"line":25,"column":0},"end":{"line":25,"column":35}},{"start":{"line":25,"column":0},"end":{"line":25,"column":35}}]},"1":{"loc":{"start":{"line":30,"column":4},"end":{"line":32,"column":null}},"type":"if","locations":[{"start":{"line":30,"column":4},"end":{"line":32,"column":null}},{"start":{"line":30,"column":4},"end":{"line":32,"column":null}}]}},"s":{"0":1,"1":1,"2":1,"3":1,"4":1,"5":5,"6":1,"7":4,"8":2,"9":2,"10":2,"11":2,"12":1,"13":1,"14":4,"15":4,"16":4,"17":4,"18":1,"19":1,"20":1,"21":1,"22":1,"23":1},"f":{"0":5,"1":2,"2":4,"3":1,"4":1},"b":{"0":[4,4,4],"1":[1,1]}}
,"/Users/DevAC/Desktop/Angaza/react-offline-sync/src/redux/actionCreators.ts": {"path":"/Users/DevAC/Desktop/Angaza/react-offline-sync/src/redux/actionCreators.ts","statementMap":{"0":{"start":{"line":1,"column":0},"end":{"line":1,"column":null}},"1":{"start":{"line":4,"column":32},"end":{"line":7,"column":null}},"2":{"start":{"line":4,"column":58},"end":{"line":4,"column":59}},"3":{"start":{"line":9,"column":32},"end":{"line":30,"column":null}},"4":{"start":{"line":10,"column":10},"end":{"line":10,"column":21}},"5":{"start":{"line":10,"column":21},"end":{"line":10,"column":null}},"6":{"start":{"line":11,"column":2},"end":{"line":21,"column":null}},"7":{"start":{"line":12,"column":4},"end":{"line":12,"column":11}},"8":{"start":{"line":23,"column":2},"end":{"line":23,"column":9}},"9":{"start":{"line":32,"column":37},"end":{"line":35,"column":null}},"10":{"start":{"line":32,"column":65},"end":{"line":32,"column":66}},"11":{"start":{"line":37,"column":39},"end":{"line":40,"column":null}},"12":{"start":{"line":37,"column":66},"end":{"line":37,"column":67}},"13":{"start":{"line":42,"column":36},"end":{"line":45,"column":null}},"14":{"start":{"line":42,"column":72},"end":{"line":42,"column":73}}},"fnMap":{"0":{"name":"connectionChange","decl":{"start":{"line":4,"column":13},"end":{"line":4,"column":29}},"loc":{"start":{"line":4,"column":53},"end":{"line":7,"column":null}}},"1":{"name":"fetchOfflineMode","decl":{"start":{"line":9,"column":13},"end":{"line":9,"column":29}},"loc":{"start":{"line":9,"column":55},"end":{"line":30,"column":null}}},"2":{"name":"removeActionFromQueue","decl":{"start":{"line":32,"column":13},"end":{"line":32,"column":34}},"loc":{"start":{"line":32,"column":60},"end":{"line":35,"column":null}}},"3":{"name":"dismissActionsFromQueue","decl":{"start":{"line":37,"column":13},"end":{"line":37,"column":36}},"loc":{"start":{"line":37,"column":61},"end":{"line":40,"column":null}}},"4":{"name":"changeQueueSemaphore","decl":{"start":{"line":42,"column":13},"end":{"line":42,"column":33}},"loc":{"start":{"line":42,"column":67},"end":{"line":45,"column":null}}}},"branchMap":{"0":{"loc":{"start":{"line":10,"column":10},"end":{"line":10,"column":21}},"type":"cond-expr","locations":[{"start":{"line":10,"column":10},"end":{"line":10,"column":21}},{"start":{"line":10,"column":10},"end":{"line":10,"column":21}}]},"1":{"loc":{"start":{"line":11,"column":2},"end":{"line":21,"column":null}},"type":"if","locations":[{"start":{"line":11,"column":2},"end":{"line":21,"column":null}},{"start":{"line":11,"column":2},"end":{"line":21,"column":null}}]}},"s":{"0":5,"1":5,"2":8,"3":5,"4":38,"5":19,"6":19,"7":12,"8":7,"9":5,"10":8,"11":5,"12":7,"13":5,"14":4},"f":{"0":8,"1":19,"2":8,"3":7,"4":4},"b":{"0":[10,9],"1":[12,7]}}
,"/Users/DevAC/Desktop/Angaza/react-offline-sync/src/redux/actionTypes.ts": {"path":"/Users/DevAC/Desktop/Angaza/react-offline-sync/src/redux/actionTypes.ts","statementMap":{"0":{"start":{"line":1,"column":33},"end":{"line":1,"column":null}},"1":{"start":{"line":2,"column":34},"end":{"line":2,"column":null}},"2":{"start":{"line":4,"column":2},"end":{"line":4,"column":null}},"3":{"start":{"line":6,"column":2},"end":{"line":6,"column":null}},"4":{"start":{"line":8,"column":2},"end":{"line":8,"column":null}}},"fnMap":{},"branchMap":{},"s":{"0":5,"1":5,"2":5,"3":5,"4":5},"f":{},"b":{}}
,"/Users/DevAC/Desktop/Angaza/react-offline-sync/src/redux/createNetworkMiddleware.ts": {"path":"/Users/DevAC/Desktop/Angaza/react-offline-sync/src/redux/createNetworkMiddleware.ts","statementMap":{"0":{"start":{"line":1,"column":0},"end":{"line":1,"column":null}},"1":{"start":{"line":2,"column":0},"end":{"line":2,"column":null}},"2":{"start":{"line":4,"column":0},"end":{"line":4,"column":null}},"3":{"start":{"line":9,"column":0},"end":{"line":9,"column":null}},"4":{"start":{"line":10,"column":0},"end":{"line":10,"column":null}},"5":{"start":{"line":12,"column":0},"end":{"line":12,"column":null}},"6":{"start":{"line":26,"column":37},"end":{"line":26,"column":null}},"7":{"start":{"line":30,"column":31},"end":{"line":30,"column":35}},"8":{"start":{"line":37,"column":2},"end":{"line":38,"column":10}},"9":{"start":{"line":38,"column":4},"end":{"line":38,"column":10}},"10":{"start":{"line":40,"column":2},"end":{"line":41,"column":10}},"11":{"start":{"line":41,"column":4},"end":{"line":41,"column":10}},"12":{"start":{"line":48,"column":2},"end":{"line":48,"column":9}},"13":{"start":{"line":49,"column":29},"end":{"line":49,"column":33}},"14":{"start":{"line":50,"column":4},"end":{"line":50,"column":11}},"15":{"start":{"line":59,"column":2},"end":{"line":63,"column":null}},"16":{"start":{"line":60,"column":4},"end":{"line":60,"column":null}},"17":{"start":{"line":64,"column":2},"end":{"line":64,"column":9}},"18":{"start":{"line":68,"column":2},"end":{"line":68,"column":9}},"19":{"start":{"line":76,"column":2},"end":{"line":76,"column":null}},"20":{"start":{"line":83,"column":2},"end":{"line":89,"column":null}},"21":{"start":{"line":84,"column":4},"end":{"line":84,"column":null}},"22":{"start":{"line":90,"column":2},"end":{"line":90,"column":9}},"23":{"start":{"line":94,"column":2},"end":{"line":100,"column":null}},"24":{"start":{"line":95,"column":4},"end":{"line":95,"column":null}},"25":{"start":{"line":101,"column":2},"end":{"line":101,"column":9}},"26":{"start":{"line":104,"column":34},"end":{"line":123,"column":null}},"27":{"start":{"line":109,"column":5},"end":{"line":109,"column":12}},"28":{"start":{"line":109,"column":35},"end":{"line":109,"column":null}},"29":{"start":{"line":111,"column":23},"end":{"line":111,"column":null}},"30":{"start":{"line":111,"column":28},"end":{"line":111,"column":null}},"31":{"start":{"line":111,"column":13},"end":{"line":111,"column":19}},"32":{"start":{"line":112,"column":10},"end":{"line":112,"column":15}},"33":{"start":{"line":113,"column":10},"end":{"line":113,"column":12}},"34":{"start":{"line":114,"column":8},"end":{"line":114,"column":19}},"35":{"start":{"line":115,"column":6},"end":{"line":115,"column":10}},"36":{"start":{"line":116,"column":6},"end":{"line":116,"column":10}},"37":{"start":{"line":118,"column":6},"end":{"line":118,"column":12}},"38":{"start":{"line":120,"column":6},"end":{"line":120,"column":null}},"39":{"start":{"line":111,"column":23},"end":{"line":111,"column":28}},"40":{"start":{"line":125,"column":33},"end":{"line":125,"column":null}},"41":{"start":{"line":126,"column":2},"end":{"line":126,"column":null}},"42":{"start":{"line":127,"column":2},"end":{"line":127,"column":null}},"43":{"start":{"line":128,"column":2},"end":{"line":128,"column":null}},"44":{"start":{"line":129,"column":2},"end":{"line":129,"column":null}},"45":{"start":{"line":131,"column":2},"end":{"line":131,"column":9}},"46":{"start":{"line":131,"column":12},"end":{"line":131,"column":54}},"47":{"start":{"line":131,"column":59},"end":{"line":131,"column":null}},"48":{"start":{"line":133,"column":7},"end":{"line":133,"column":8}},"49":{"start":{"line":134,"column":10},"end":{"line":134,"column":12}},"50":{"start":{"line":134,"column":12},"end":{"line":134,"column":25}},"51":{"start":{"line":134,"column":25},"end":{"line":134,"column":38}},"52":{"start":{"line":134,"column":38},"end":{"line":134,"column":null}},"53":{"start":{"line":135,"column":25},"end":{"line":135,"column":null}},"54":{"start":{"line":141,"column":4},"end":{"line":141,"column":18}},"55":{"start":{"line":143,"column":34},"end":{"line":143,"column":null}},"56":{"start":{"line":149,"column":4},"end":{"line":153,"column":null}},"57":{"start":{"line":152,"column":6},"end":{"line":152,"column":13}},"58":{"start":{"line":155,"column":25},"end":{"line":155,"column":43}},"59":{"start":{"line":156,"column":32},"end":{"line":156,"column":47}},"60":{"start":{"line":159,"column":6},"end":{"line":160,"column":28}},"61":{"start":{"line":162,"column":4},"end":{"line":166,"column":null}},"62":{"start":{"line":164,"column":6},"end":{"line":164,"column":10}},"63":{"start":{"line":165,"column":6},"end":{"line":165,"column":13}},"64":{"start":{"line":170,"column":4},"end":{"line":178,"column":null}},"65":{"start":{"line":171,"column":39},"end":{"line":171,"column":null}},"66":{"start":{"line":175,"column":6},"end":{"line":177,"column":null}},"67":{"start":{"line":176,"column":8},"end":{"line":176,"column":12}},"68":{"start":{"line":181,"column":4},"end":{"line":181,"column":11}},"69":{"start":{"line":185,"column":15},"end":{"line":185,"column":null}}},"fnMap":{"0":{"name":"shouldDequeueSelector","decl":{"start":{"line":30,"column":25},"end":{"line":30,"column":31}},"loc":{"start":{"line":30,"column":25},"end":{"line":30,"column":null}}},"1":{"name":"validateParams","decl":{"start":{"line":36,"column":9},"end":{"line":36,"column":24}},"loc":{"start":{"line":36,"column":72},"end":{"line":42,"column":null}}},"2":{"name":"findActionToBeDismissed","decl":{"start":{"line":44,"column":9},"end":{"line":44,"column":null}},"loc":{"start":{"line":46,"column":31},"end":{"line":52,"column":null}}},"3":{"name":"(anonymous_16)","decl":{"start":{"line":48,"column":27},"end":{"line":48,"column":28}},"loc":{"start":{"line":48,"column":28},"end":{"line":51,"column":null}}},"4":{"name":"isObjectAndShouldBeIntercepted","decl":{"start":{"line":54,"column":9},"end":{"line":54,"column":null}},"loc":{"start":{"line":57,"column":25},"end":{"line":65,"column":null}}},"5":{"name":"isThunkAndShouldBeIntercepted","decl":{"start":{"line":67,"column":9},"end":{"line":67,"column":39}},"loc":{"start":{"line":67,"column":61},"end":{"line":69,"column":null}}},"6":{"name":"checkIfActionShouldBeIntercepted","decl":{"start":{"line":71,"column":9},"end":{"line":71,"column":null}},"loc":{"start":{"line":74,"column":25},"end":{"line":80,"column":null}}},"7":{"name":"didComeBackOnline","decl":{"start":{"line":82,"column":9},"end":{"line":82,"column":27}},"loc":{"start":{"line":82,"column":72},"end":{"line":91,"column":null}}},"8":{"name":"didQueueResume","decl":{"start":{"line":93,"column":9},"end":{"line":93,"column":24}},"loc":{"start":{"line":93,"column":70},"end":{"line":102,"column":null}}},"9":{"name":"createReleaseQueue","decl":{"start":{"line":104,"column":13},"end":{"line":104,"column":31}},"loc":{"start":{"line":108,"column":59},"end":{"line":123,"column":null}}},"10":{"name":"(anonymous_23)","decl":{"start":{"line":109,"column":5},"end":{"line":109,"column":12}},"loc":{"start":{"line":109,"column":35},"end":{"line":109,"column":12}}},"11":{"name":"(anonymous_24)","decl":{"start":{"line":109,"column":35},"end":{"line":109,"column":null}},"loc":{"start":{"line":109,"column":35},"end":{"line":109,"column":null}}},"12":{"name":"createNetworkMiddleware","decl":{"start":{"line":125,"column":9},"end":{"line":125,"column":33}},"loc":{"start":{"line":130,"column":26},"end":{"line":183,"column":null}}},"13":{"name":"(anonymous_27)","decl":{"start":{"line":131,"column":9},"end":{"line":131,"column":10}},"loc":{"start":{"line":131,"column":54},"end":{"line":182,"column":null}}},"14":{"name":"(anonymous_28)","decl":{"start":{"line":131,"column":59},"end":{"line":131,"column":null}},"loc":{"start":{"line":132,"column":23},"end":{"line":182,"column":null}}},"15":{"name":"(anonymous_29)","decl":{"start":{"line":133,"column":7},"end":{"line":133,"column":8}},"loc":{"start":{"line":133,"column":30},"end":{"line":133,"column":8}}}},"branchMap":{"0":{"loc":{"start":{"line":37,"column":2},"end":{"line":38,"column":10}},"type":"if","locations":[{"start":{"line":37,"column":2},"end":{"line":38,"column":10}},{"start":{"line":37,"column":2},"end":{"line":38,"column":10}}]},"1":{"loc":{"start":{"line":40,"column":2},"end":{"line":41,"column":10}},"type":"if","locations":[{"start":{"line":40,"column":2},"end":{"line":41,"column":10}},{"start":{"line":40,"column":2},"end":{"line":41,"column":10}}]},"2":{"loc":{"start":{"line":59,"column":2},"end":{"line":63,"column":null}},"type":"if","locations":[{"start":{"line":59,"column":2},"end":{"line":63,"column":null}},{"start":{"line":59,"column":2},"end":{"line":63,"column":null}}]},"3":{"loc":{"start":{"line":59,"column":6},"end":{"line":59,"column":36}},"type":"binary-expr","locations":[{"start":{"line":59,"column":6},"end":{"line":59,"column":36}},{"start":{"line":59,"column":36},"end":{"line":59,"column":54}}]},"4":{"loc":{"start":{"line":61,"column":6},"end":{"line":61,"column":21}},"type":"binary-expr","locations":[{"start":{"line":61,"column":6},"end":{"line":61,"column":21}},{"start":{"line":61,"column":43},"end":{"line":61,"column":54}}]},"5":{"loc":{"start":{"line":68,"column":9},"end":{"line":68,"column":41}},"type":"binary-expr","locations":[{"start":{"line":68,"column":9},"end":{"line":68,"column":41}},{"start":{"line":68,"column":41},"end":{"line":68,"column":null}}]},"6":{"loc":{"start":{"line":77,"column":4},"end":{"line":77,"column":35}},"type":"binary-expr","locations":[{"start":{"line":77,"column":4},"end":{"line":77,"column":35}},{"start":{"line":78,"column":4},"end":{"line":78,"column":34}}]},"7":{"loc":{"start":{"line":83,"column":2},"end":{"line":89,"column":null}},"type":"if","locations":[{"start":{"line":83,"column":2},"end":{"line":89,"column":null}},{"start":{"line":83,"column":2},"end":{"line":89,"column":null}}]},"8":{"loc":{"start":{"line":83,"column":6},"end":{"line":83,"column":26}},"type":"binary-expr","locations":[{"start":{"line":83,"column":6},"end":{"line":83,"column":26}},{"start":{"line":83,"column":26},"end":{"line":83,"column":47}}]},"9":{"loc":{"start":{"line":85,"column":6},"end":{"line":85,"column":null}},"type":"binary-expr","locations":[{"start":{"line":85,"column":6},"end":{"line":85,"column":null}},{"start":{"line":86,"column":6},"end":{"line":86,"column":null}},{"start":{"line":87,"column":6},"end":{"line":87,"column":null}}]},"10":{"loc":{"start":{"line":94,"column":2},"end":{"line":100,"column":null}},"type":"if","locations":[{"start":{"line":94,"column":2},"end":{"line":100,"column":null}},{"start":{"line":94,"column":2},"end":{"line":100,"column":null}}]},"11":{"loc":{"start":{"line":94,"column":6},"end":{"line":94,"column":26}},"type":"binary-expr","locations":[{"start":{"line":94,"column":6},"end":{"line":94,"column":26}},{"start":{"line":94,"column":26},"end":{"line":94,"column":47}}]},"12":{"loc":{"start":{"line":96,"column":6},"end":{"line":96,"column":null}},"type":"binary-expr","locations":[{"start":{"line":96,"column":6},"end":{"line":96,"column":null}},{"start":{"line":97,"column":6},"end":{"line":97,"column":null}},{"start":{"line":98,"column":6},"end":{"line":98,"column":null}}]},"13":{"loc":{"start":{"line":111,"column":23},"end":{"line":111,"column":null}},"type":"if","locations":[{"start":{"line":111,"column":23},"end":{"line":111,"column":null}},{"start":{"line":111,"column":23},"end":{"line":111,"column":null}}]},"14":{"loc":{"start":{"line":114,"column":8},"end":{"line":114,"column":19}},"type":"if","locations":[{"start":{"line":114,"column":8},"end":{"line":114,"column":19}},{"start":{"line":114,"column":8},"end":{"line":114,"column":19}}]},"15":{"loc":{"start":{"line":114,"column":8},"end":{"line":114,"column":19}},"type":"binary-expr","locations":[{"start":{"line":114,"column":8},"end":{"line":114,"column":19}},{"start":{"line":114,"column":23},"end":{"line":114,"column":41}},{"start":{"line":114,"column":41},"end":{"line":114,"column":63}}]},"16":{"loc":{"start":{"line":125,"column":33},"end":{"line":125,"column":null}},"type":"cond-expr","locations":[{"start":{"line":125,"column":33},"end":{"line":125,"column":null}},{"start":{"line":125,"column":33},"end":{"line":125,"column":null}}]},"17":{"loc":{"start":{"line":126,"column":2},"end":{"line":126,"column":null}},"type":"cond-expr","locations":[{"start":{"line":126,"column":2},"end":{"line":126,"column":null}},{"start":{"line":126,"column":2},"end":{"line":126,"column":null}}]},"18":{"loc":{"start":{"line":127,"column":2},"end":{"line":127,"column":null}},"type":"cond-expr","locations":[{"start":{"line":127,"column":2},"end":{"line":127,"column":null}},{"start":{"line":127,"column":2},"end":{"line":127,"column":null}}]},"19":{"loc":{"start":{"line":128,"column":2},"end":{"line":128,"column":null}},"type":"cond-expr","locations":[{"start":{"line":128,"column":2},"end":{"line":128,"column":null}},{"start":{"line":128,"column":2},"end":{"line":128,"column":null}}]},"20":{"loc":{"start":{"line":129,"column":2},"end":{"line":129,"column":null}},"type":"cond-expr","locations":[{"start":{"line":129,"column":2},"end":{"line":129,"column":null}},{"start":{"line":129,"column":2},"end":{"line":129,"column":null}}]},"21":{"loc":{"start":{"line":149,"column":4},"end":{"line":153,"column":null}},"type":"if","locations":[{"start":{"line":149,"column":4},"end":{"line":153,"column":null}},{"start":{"line":149,"column":4},"end":{"line":153,"column":null}}]},"22":{"loc":{"start":{"line":149,"column":8},"end":{"line":149,"column":29}},"type":"binary-expr","locations":[{"start":{"line":149,"column":8},"end":{"line":149,"column":29}},{"start":{"line":149,"column":33},"end":{"line":149,"column":56}}]},"23":{"loc":{"start":{"line":159,"column":7},"end":{"line":159,"column":19}},"type":"binary-expr","locations":[{"start":{"line":159,"column":7},"end":{"line":159,"column":19}},{"start":{"line":159,"column":24},"end":{"line":159,"column":35}},{"start":{"line":159,"column":39},"end":{"line":159,"column":null}},{"start":{"line":160,"column":6},"end":{"line":160,"column":28}}]},"24":{"loc":{"start":{"line":162,"column":4},"end":{"line":166,"column":null}},"type":"if","locations":[{"start":{"line":162,"column":4},"end":{"line":166,"column":null}},{"start":{"line":162,"column":4},"end":{"line":166,"column":null}}]},"25":{"loc":{"start":{"line":170,"column":4},"end":{"line":178,"column":null}},"type":"if","locations":[{"start":{"line":170,"column":4},"end":{"line":178,"column":null}},{"start":{"line":170,"column":4},"end":{"line":178,"column":null}}]},"26":{"loc":{"start":{"line":175,"column":6},"end":{"line":177,"column":null}},"type":"if","locations":[{"start":{"line":175,"column":6},"end":{"line":177,"column":null}},{"start":{"line":175,"column":6},"end":{"line":177,"column":null}}]},"27":{"loc":{"start":{"line":175,"column":10},"end":{"line":175,"column":34}},"type":"binary-expr","locations":[{"start":{"line":175,"column":10},"end":{"line":175,"column":34}},{"start":{"line":175,"column":38},"end":{"line":175,"column":52}}]}},"s":{"0":1,"1":1,"2":1,"3":1,"4":1,"5":1,"6":1,"7":2,"8":22,"9":1,"10":21,"11":1,"12":12,"13":6,"14":6,"15":20,"16":17,"17":3,"18":15,"19":20,"20":16,"21":6,"22":10,"23":16,"24":6,"25":10,"26":1,"27":26,"28":6,"29":9,"30":1,"31":8,"32":8,"33":8,"34":13,"35":3,"36":3,"37":6,"38":5,"39":3,"40":14,"41":28,"42":28,"43":28,"44":28,"45":14,"46":20,"47":20,"48":20,"49":22,"50":22,"51":22,"52":22,"53":22,"54":22,"55":20,"56":20,"57":4,"58":16,"59":16,"60":16,"61":16,"62":2,"63":2,"64":14,"65":12,"66":12,"67":2,"68":14,"69":1},"f":{"0":2,"1":22,"2":12,"3":6,"4":20,"5":15,"6":20,"7":16,"8":16,"9":26,"10":6,"11":6,"12":14,"13":20,"14":20,"15":22},"b":{"0":[1,21],"1":[1,20],"2":[17,3],"3":[20,17],"4":[17,13],"5":[15,3],"6":[20,15],"7":[6,10],"8":[16,14],"9":[6,1,1],"10":[6,10],"11":[16,14],"12":[6,1,1],"13":[1,8],"14":[5,3],"15":[8,5,4],"16":[9,5],"17":[12,2],"18":[12,2],"19":[14,0],"20":[13,1],"21":[4,16],"22":[20,7],"23":[16,15,5,2],"24":[2,14],"25":[12,2],"26":[2,10],"27":[12,2]}}
,"/Users/DevAC/Desktop/Angaza/react-offline-sync/src/redux/createReducer.ts": {"path":"/Users/DevAC/Desktop/Angaza/react-offline-sync/src/redux/createReducer.ts","statementMap":{"0":{"start":{"line":1,"column":0},"end":{"line":1,"column":null}},"1":{"start":{"line":2,"column":0},"end":{"line":2,"column":null}},"2":{"start":{"line":4,"column":0},"end":{"line":4,"column":null}},"3":{"start":{"line":5,"column":0},"end":{"line":5,"column":null}},"4":{"start":{"line":6,"column":0},"end":{"line":6,"column":null}},"5":{"start":{"line":15,"column":0},"end":{"line":15,"column":null}},"6":{"start":{"line":22,"column":38},"end":{"line":22,"column":null}},"7":{"start":{"line":23,"column":28},"end":{"line":23,"column":null}},"8":{"start":{"line":31,"column":4},"end":{"line":31,"column":15}},"9":{"start":{"line":31,"column":15},"end":{"line":31,"column":27}},"10":{"start":{"line":31,"column":27},"end":{"line":31,"column":40}},"11":{"start":{"line":31,"column":40},"end":{"line":31,"column":null}},"12":{"start":{"line":35,"column":4},"end":{"line":35,"column":null}},"13":{"start":{"line":38,"column":4},"end":{"line":38,"column":null}},"14":{"start":{"line":40,"column":2},"end":{"line":58,"column":null}},"15":{"start":{"line":42,"column":27},"end":{"line":42,"column":null}},"16":{"start":{"line":44,"column":6},"end":{"line":46,"column":null}},"17":{"start":{"line":47,"column":32},"end":{"line":47,"column":null}},"18":{"start":{"line":51,"column":27},"end":{"line":53,"column":12}},"19":{"start":{"line":54,"column":4},"end":{"line":54,"column":null}},"20":{"start":{"line":59,"column":2},"end":{"line":59,"column":9}},"21":{"start":{"line":66,"column":30},"end":{"line":66,"column":null}},"22":{"start":{"line":71,"column":2},"end":{"line":71,"column":null}},"23":{"start":{"line":83,"column":25},"end":{"line":83,"column":30}},"24":{"start":{"line":84,"column":25},"end":{"line":84,"column":29}},"25":{"start":{"line":85,"column":4},"end":{"line":85,"column":11}},"26":{"start":{"line":88,"column":2},"end":{"line":88,"column":null}},"27":{"start":{"line":98,"column":2},"end":{"line":98,"column":null}},"28":{"start":{"line":104,"column":15},"end":{"line":130,"column":null}},"29":{"start":{"line":104,"column":16},"end":{"line":104,"column":73}},"30":{"start":{"line":104,"column":16},"end":{"line":104,"column":68}},"31":{"start":{"line":104,"column":73},"end":{"line":104,"column":null}},"32":{"start":{"line":105,"column":2},"end":{"line":105,"column":null}},"33":{"start":{"line":105,"column":2},"end":{"line":105,"column":36}},"34":{"start":{"line":108,"column":2},"end":{"line":108,"column":10}},"35":{"start":{"line":110,"column":6},"end":{"line":110,"column":null}},"36":{"start":{"line":115,"column":6},"end":{"line":115,"column":13}},"37":{"start":{"line":122,"column":6},"end":{"line":122,"column":13}},"38":{"start":{"line":124,"column":6},"end":{"line":124,"column":13}},"39":{"start":{"line":126,"column":6},"end":{"line":126,"column":13}},"40":{"start":{"line":128,"column":6},"end":{"line":128,"column":13}},"41":{"start":{"line":133,"column":2},"end":{"line":133,"column":9}}},"fnMap":{"0":{"name":"handleOfflineAction","decl":{"start":{"line":29,"column":9},"end":{"line":29,"column":null}},"loc":{"start":{"line":32,"column":28},"end":{"line":60,"column":null}}},"1":{"name":"handleRemoveActionFromQueue","decl":{"start":{"line":62,"column":9},"end":{"line":62,"column":null}},"loc":{"start":{"line":64,"column":24},"end":{"line":77,"column":null}}},"2":{"name":"handleDismissActionsFromQueue","decl":{"start":{"line":79,"column":9},"end":{"line":79,"column":null}},"loc":{"start":{"line":81,"column":32},"end":{"line":92,"column":null}}},"3":{"name":"(anonymous_6)","decl":{"start":{"line":83,"column":50},"end":{"line":83,"column":56}},"loc":{"start":{"line":83,"column":56},"end":{"line":86,"column":null}}},"4":{"name":"handleChangeQueueSemaphore","decl":{"start":{"line":94,"column":9},"end":{"line":94,"column":null}},"loc":{"start":{"line":96,"column":32},"end":{"line":102,"column":null}}},"5":{"name":"_default","decl":{"start":{"line":104,"column":15},"end":{"line":104,"column":16}},"loc":{"start":{"line":104,"column":68},"end":{"line":130,"column":null}}},"6":{"name":"(anonymous_9)","decl":{"start":{"line":104,"column":73},"end":{"line":104,"column":null}},"loc":{"start":{"line":106,"column":34},"end":{"line":130,"column":null}}},"7":{"name":"networkSelector","decl":{"start":{"line":132,"column":16},"end":{"line":132,"column":32}},"loc":{"start":{"line":132,"column":64},"end":{"line":134,"column":null}}}},"branchMap":{"0":{"loc":{"start":{"line":35,"column":4},"end":{"line":35,"column":38}},"type":"binary-expr","locations":[{"start":{"line":35,"column":4},"end":{"line":35,"column":38}},{"start":{"line":35,"column":38},"end":{"line":35,"column":null}}]},"1":{"loc":{"start":{"line":38,"column":4},"end":{"line":38,"column":39}},"type":"binary-expr","locations":[{"start":{"line":38,"column":4},"end":{"line":38,"column":39}},{"start":{"line":38,"column":39},"end":{"line":38,"column":null}}]},"2":{"loc":{"start":{"line":40,"column":2},"end":{"line":58,"column":null}},"type":"if","locations":[{"start":{"line":40,"column":2},"end":{"line":58,"column":null}},{"start":{"line":40,"column":2},"end":{"line":58,"column":null}}]},"3":{"loc":{"start":{"line":40,"column":6},"end":{"line":40,"column":21}},"type":"binary-expr","locations":[{"start":{"line":40,"column":6},"end":{"line":40,"column":21}},{"start":{"line":40,"column":25},"end":{"line":40,"column":41}}]},"4":{"loc":{"start":{"line":42,"column":27},"end":{"line":42,"column":37}},"type":"binary-expr","locations":[{"start":{"line":42,"column":27},"end":{"line":42,"column":37}},{"start":{"line":42,"column":41},"end":{"line":42,"column":null}}]},"5":{"loc":{"start":{"line":45,"column":11},"end":{"line":45,"column":16}},"type":"cond-expr","locations":[{"start":{"line":45,"column":11},"end":{"line":45,"column":16}},{"start":{"line":46,"column":10},"end":{"line":46,"column":null}}]},"6":{"loc":{"start":{"line":52,"column":7},"end":{"line":52,"column":12}},"type":"cond-expr","locations":[{"start":{"line":52,"column":7},"end":{"line":52,"column":12}},{"start":{"line":53,"column":7},"end":{"line":53,"column":12}}]},"7":{"loc":{"start":{"line":104,"column":16},"end":{"line":104,"column":73}},"type":"if","locations":[{"start":{"line":104,"column":16},"end":{"line":104,"column":73}},{"start":{"line":104,"column":16},"end":{"line":104,"column":73}}]},"8":{"loc":{"start":{"line":105,"column":2},"end":{"line":105,"column":null}},"type":"if","locations":[{"start":{"line":105,"column":2},"end":{"line":105,"column":null}},{"start":{"line":105,"column":2},"end":{"line":105,"column":null}}]},"9":{"loc":{"start":{"line":109,"column":4},"end":{"line":110,"column":null}},"type":"switch","locations":[{"start":{"line":109,"column":4},"end":{"line":110,"column":null}},{"start":{"line":114,"column":4},"end":{"line":115,"column":13}},{"start":{"line":121,"column":4},"end":{"line":122,"column":13}},{"start":{"line":123,"column":4},"end":{"line":124,"column":13}},{"start":{"line":125,"column":4},"end":{"line":126,"column":13}},{"start":{"line":127,"column":4},"end":{"line":128,"column":13}}]}},"s":{"0":3,"1":3,"2":3,"3":3,"4":3,"5":3,"6":3,"7":3,"8":11,"9":11,"10":11,"11":11,"12":11,"13":11,"14":11,"15":8,"16":8,"17":8,"18":8,"19":8,"20":3,"21":2,"22":2,"23":3,"24":9,"25":9,"26":3,"27":2,"28":3,"29":3,"30":1,"31":3,"32":22,"33":3,"34":22,"35":2,"36":11,"37":2,"38":3,"39":2,"40":2,"41":1},"f":{"0":11,"1":2,"2":3,"3":9,"4":2,"5":3,"6":22,"7":1},"b":{"0":[11,6],"1":[11,5],"2":[8,3],"3":[11,7],"4":[8,4],"5":[4,4],"6":[3,5],"7":[1,2],"8":[3,19],"9":[2,11,2,3,2,2]}}
,"/Users/DevAC/Desktop/Angaza/react-offline-sync/src/redux/sagas.ts": {"path":"/Users/DevAC/Desktop/Angaza/react-offline-sync/src/redux/sagas.ts","statementMap":{"0":{"start":{"line":1,"column":0},"end":{"line":1,"column":null}},"1":{"start":{"line":2,"column":0},"end":{"line":2,"column":null}},"2":{"start":{"line":3,"column":0},"end":{"line":3,"column":null}},"3":{"start":{"line":4,"column":0},"end":{"line":4,"column":null}},"4":{"start":{"line":5,"column":0},"end":{"line":5,"column":null}},"5":{"start":{"line":6,"column":0},"end":{"line":6,"column":null}},"6":{"start":{"line":7,"column":0},"end":{"line":7,"column":null}},"7":{"start":{"line":9,"column":0},"end":{"line":9,"column":null}},"8":{"start":{"line":25,"column":2},"end":{"line":25,"column":9}},"9":{"start":{"line":29,"column":2},"end":{"line":29,"column":9}},"10":{"start":{"line":30,"column":15},"end":{"line":30,"column":27}},"11":{"start":{"line":30,"column":33},"end":{"line":30,"column":37}},"12":{"start":{"line":31,"column":4},"end":{"line":31,"column":11}},"13":{"start":{"line":32,"column":6},"end":{"line":32,"column":19}},"14":{"start":{"line":44,"column":2},"end":{"line":44,"column":9}},"15":{"start":{"line":53,"column":18},"end":{"line":53,"column":28}},"16":{"start":{"line":54,"column":2},"end":{"line":54,"column":9}},"17":{"start":{"line":70,"column":2},"end":{"line":70,"column":null}},"18":{"start":{"line":71,"column":2},"end":{"line":71,"column":null}},"19":{"start":{"line":72,"column":2},"end":{"line":72,"column":null}},"20":{"start":{"line":73,"column":2},"end":{"line":73,"column":null}},"21":{"start":{"line":74,"column":2},"end":{"line":74,"column":null}},"22":{"start":{"line":76,"column":6},"end":{"line":76,"column":15}},"23":{"start":{"line":77,"column":39},"end":{"line":77,"column":45}},"24":{"start":{"line":77,"column":10},"end":{"line":77,"column":22}},"25":{"start":{"line":78,"column":4},"end":{"line":78,"column":10}},"26":{"start":{"line":87,"column":15},"end":{"line":87,"column":21}},"27":{"start":{"line":87,"column":8},"end":{"line":87,"column":12}},"28":{"start":{"line":92,"column":11},"end":{"line":92,"column":null}},"29":{"start":{"line":92,"column":15},"end":{"line":92,"column":null}},"30":{"start":{"line":93,"column":26},"end":{"line":93,"column":32}},"31":{"start":{"line":93,"column":12},"end":{"line":93,"column":23}},"32":{"start":{"line":94,"column":6},"end":{"line":94,"column":12}},"33":{"start":{"line":104,"column":8},"end":{"line":104,"column":14}},"34":{"start":{"line":104,"column":4},"end":{"line":106,"column":null}},"35":{"start":{"line":105,"column":6},"end":{"line":105,"column":10}},"36":{"start":{"line":122,"column":2},"end":{"line":122,"column":null}},"37":{"start":{"line":123,"column":2},"end":{"line":123,"column":null}},"38":{"start":{"line":124,"column":2},"end":{"line":124,"column":null}},"39":{"start":{"line":125,"column":2},"end":{"line":125,"column":null}},"40":{"start":{"line":126,"column":2},"end":{"line":126,"column":null}},"41":{"start":{"line":127,"column":2},"end":{"line":127,"column":null}},"42":{"start":{"line":129,"column":6},"end":{"line":129,"column":16}},"43":{"start":{"line":130,"column":4},"end":{"line":130,"column":10}},"44":{"start":{"line":138,"column":4},"end":{"line":138,"column":10}},"45":{"start":{"line":154,"column":2},"end":{"line":154,"column":null}},"46":{"start":{"line":155,"column":2},"end":{"line":155,"column":null}},"47":{"start":{"line":156,"column":2},"end":{"line":156,"column":null}},"48":{"start":{"line":157,"column":2},"end":{"line":157,"column":null}},"49":{"start":{"line":158,"column":2},"end":{"line":158,"column":null}},"50":{"start":{"line":159,"column":2},"end":{"line":159,"column":null}},"51":{"start":{"line":160,"column":2},"end":{"line":160,"column":null}},"52":{"start":{"line":162,"column":15},"end":{"line":162,"column":21}},"53":{"start":{"line":162,"column":8},"end":{"line":162,"column":12}},"54":{"start":{"line":168,"column":11},"end":{"line":168,"column":null}},"55":{"start":{"line":168,"column":15},"end":{"line":168,"column":null}},"56":{"start":{"line":169,"column":6},"end":{"line":169,"column":12}},"57":{"start":{"line":170,"column":34},"end":{"line":170,"column":40}},"58":{"start":{"line":170,"column":12},"end":{"line":170,"column":17}},"59":{"start":{"line":171,"column":10},"end":{"line":171,"column":12}},"60":{"start":{"line":172,"column":8},"end":{"line":172,"column":14}},"61":{"start":{"line":182,"column":8},"end":{"line":182,"column":14}},"62":{"start":{"line":182,"column":4},"end":{"line":184,"column":null}},"63":{"start":{"line":183,"column":6},"end":{"line":183,"column":10}},"64":{"start":{"line":198,"column":2},"end":{"line":198,"column":null}},"65":{"start":{"line":199,"column":2},"end":{"line":199,"column":null}},"66":{"start":{"line":200,"column":2},"end":{"line":200,"column":null}},"67":{"start":{"line":201,"column":2},"end":{"line":201,"column":null}},"68":{"start":{"line":202,"column":2},"end":{"line":202,"column":null}},"69":{"start":{"line":204,"column":2},"end":{"line":206,"column":null}},"70":{"start":{"line":205,"column":4},"end":{"line":205,"column":null}},"71":{"start":{"line":207,"column":28},"end":{"line":207,"column":34}},"72":{"start":{"line":207,"column":8},"end":{"line":207,"column":25}},"73":{"start":{"line":213,"column":2},"end":{"line":213,"column":8}},"74":{"start":{"line":223,"column":30},"end":{"line":223,"column":36}},"75":{"start":{"line":223,"column":8},"end":{"line":223,"column":13}},"76":{"start":{"line":224,"column":6},"end":{"line":224,"column":11}},"77":{"start":{"line":225,"column":4},"end":{"line":225,"column":10}},"78":{"start":{"line":243,"column":8},"end":{"line":243,"column":null}},"79":{"start":{"line":254,"column":2},"end":{"line":254,"column":8}},"80":{"start":{"line":261,"column":6},"end":{"line":261,"column":18}},"81":{"start":{"line":262,"column":4},"end":{"line":262,"column":10}}},"fnMap":{"0":{"name":"netInfoEventChannelFn","decl":{"start":{"line":24,"column":16},"end":{"line":24,"column":38}},"loc":{"start":{"line":24,"column":76},"end":{"line":26,"column":null}}},"1":{"name":"intervalChannelFn","decl":{"start":{"line":28,"column":16},"end":{"line":28,"column":34}},"loc":{"start":{"line":28,"column":50},"end":{"line":35,"column":null}}},"2":{"name":"(anonymous_8)","decl":{"start":{"line":29,"column":9},"end":{"line":29,"column":10}},"loc":{"start":{"line":29,"column":43},"end":{"line":34,"column":null}}},"3":{"name":"(anonymous_9)","decl":{"start":{"line":30,"column":27},"end":{"line":30,"column":33}},"loc":{"start":{"line":30,"column":27},"end":{"line":30,"column":45}}},"4":{"name":"(anonymous_10)","decl":{"start":{"line":31,"column":11},"end":{"line":31,"column":null}},"loc":{"start":{"line":31,"column":11},"end":{"line":33,"column":null}}},"5":{"name":"createNetInfoConnectionChangeChannel","decl":{"start":{"line":41,"column":16},"end":{"line":41,"column":null}},"loc":{"start":{"line":42,"column":25},"end":{"line":45,"column":null}}},"6":{"name":"createIntervalChannel","decl":{"start":{"line":52,"column":16},"end":{"line":52,"column":38}},"loc":{"start":{"line":52,"column":75},"end":{"line":55,"column":null}}},"7":{"name":"netInfoChangeSaga","decl":{"start":{"line":69,"column":17},"end":{"line":69,"column":35}},"loc":{"start":{"line":75,"column":20},"end":{"line":108,"column":null}}},"8":{"name":"connectionHandler","decl":{"start":{"line":121,"column":17},"end":{"line":121,"column":35}},"loc":{"start":{"line":128,"column":47},"end":{"line":140,"column":null}}},"9":{"name":"connectionIntervalSaga","decl":{"start":{"line":153,"column":17},"end":{"line":153,"column":40}},"loc":{"start":{"line":161,"column":39},"end":{"line":186,"column":null}}},"10":{"name":"checkInternetAccessSaga","decl":{"start":{"line":197,"column":17},"end":{"line":197,"column":41}},"loc":{"start":{"line":203,"column":20},"end":{"line":214,"column":null}}},"11":{"name":"handleConnectivityChange","decl":{"start":{"line":222,"column":17},"end":{"line":222,"column":42}},"loc":{"start":{"line":222,"column":68},"end":{"line":227,"column":null}}},"12":{"name":"networkSaga","decl":{"start":{"line":242,"column":25},"end":{"line":242,"column":37}},"loc":{"start":{"line":242,"column":60},"end":{"line":272,"column":null}}}},"branchMap":{"0":{"loc":{"start":{"line":76,"column":6},"end":{"line":76,"column":15}},"type":"if","locations":[{"start":{"line":76,"column":6},"end":{"line":76,"column":15}},{"start":{"line":76,"column":6},"end":{"line":76,"column":15}}]},"1":{"loc":{"start":{"line":92,"column":11},"end":{"line":92,"column":null}},"type":"if","locations":[{"start":{"line":92,"column":11},"end":{"line":92,"column":null}},{"start":{"line":92,"column":11},"end":{"line":92,"column":null}}]},"2":{"loc":{"start":{"line":104,"column":4},"end":{"line":106,"column":null}},"type":"if","locations":[{"start":{"line":104,"column":4},"end":{"line":106,"column":null}},{"start":{"line":104,"column":4},"end":{"line":106,"column":null}}]},"3":{"loc":{"start":{"line":129,"column":6},"end":{"line":129,"column":16}},"type":"if","locations":[{"start":{"line":129,"column":6},"end":{"line":129,"column":16}},{"start":{"line":129,"column":6},"end":{"line":129,"column":16}}]},"4":{"loc":{"start":{"line":129,"column":6},"end":{"line":129,"column":16}},"type":"binary-expr","locations":[{"start":{"line":129,"column":6},"end":{"line":129,"column":16}},{"start":{"line":129,"column":20},"end":{"line":129,"column":null}}]},"5":{"loc":{"start":{"line":168,"column":11},"end":{"line":168,"column":null}},"type":"if","locations":[{"start":{"line":168,"column":11},"end":{"line":168,"column":null}},{"start":{"line":168,"column":11},"end":{"line":168,"column":null}}]},"6":{"loc":{"start":{"line":171,"column":10},"end":{"line":171,"column":12}},"type":"if","locations":[{"start":{"line":171,"column":10},"end":{"line":171,"column":12}},{"start":{"line":171,"column":10},"end":{"line":171,"column":12}}]},"7":{"loc":{"start":{"line":171,"column":12},"end":{"line":171,"column":33}},"type":"binary-expr","locations":[{"start":{"line":171,"column":12},"end":{"line":171,"column":33}},{"start":{"line":171,"column":33},"end":{"line":171,"column":null}}]},"8":{"loc":{"start":{"line":182,"column":4},"end":{"line":184,"column":null}},"type":"if","locations":[{"start":{"line":182,"column":4},"end":{"line":184,"column":null}},{"start":{"line":182,"column":4},"end":{"line":184,"column":null}}]},"9":{"loc":{"start":{"line":204,"column":2},"end":{"line":206,"column":null}},"type":"if","locations":[{"start":{"line":204,"column":2},"end":{"line":206,"column":null}},{"start":{"line":204,"column":2},"end":{"line":206,"column":null}}]},"10":{"loc":{"start":{"line":204,"column":6},"end":{"line":204,"column":36}},"type":"binary-expr","locations":[{"start":{"line":204,"column":6},"end":{"line":204,"column":36}},{"start":{"line":204,"column":36},"end":{"line":204,"column":72}}]},"11":{"loc":{"start":{"line":224,"column":6},"end":{"line":224,"column":11}},"type":"if","locations":[{"start":{"line":224,"column":6},"end":{"line":224,"column":11}},{"start":{"line":224,"column":6},"end":{"line":224,"column":11}}]},"12":{"loc":{"start":{"line":252,"column":6},"end":{"line":252,"column":10}},"type":"binary-expr","locations":[{"start":{"line":252,"column":6},"end":{"line":252,"column":10}},{"start":{"line":252,"column":14},"end":{"line":252,"column":null}}]},"13":{"loc":{"start":{"line":244,"column":18},"end":{"line":244,"column":33}},"type":"cond-expr","locations":[{"start":{"line":244,"column":18},"end":{"line":244,"column":33}},{"start":{"line":244,"column":33},"end":{"line":244,"column":null}}]},"14":{"loc":{"start":{"line":245,"column":20},"end":{"line":245,"column":43}},"type":"cond-expr","locations":[{"start":{"line":245,"column":20},"end":{"line":245,"column":43}},{"start":{"line":245,"column":43},"end":{"line":245,"column":null}}]},"15":{"loc":{"start":{"line":246,"column":19},"end":{"line":246,"column":20}},"type":"cond-expr","locations":[{"start":{"line":246,"column":19},"end":{"line":246,"column":20}},{"start":{"line":246,"column":20},"end":{"line":246,"column":null}}]},"16":{"loc":{"start":{"line":247,"column":17},"end":{"line":247,"column":21}},"type":"cond-expr","locations":[{"start":{"line":247,"column":17},"end":{"line":247,"column":21}},{"start":{"line":247,"column":21},"end":{"line":247,"column":null}}]},"17":{"loc":{"start":{"line":248,"column":24},"end":{"line":248,"column":29}},"type":"cond-expr","locations":[{"start":{"line":248,"column":24},"end":{"line":248,"column":29}},{"start":{"line":248,"column":29},"end":{"line":248,"column":null}}]},"18":{"loc":{"start":{"line":249,"column":23},"end":{"line":249,"column":28}},"type":"cond-expr","locations":[{"start":{"line":249,"column":23},"end":{"line":249,"column":28}},{"start":{"line":249,"column":28},"end":{"line":249,"column":null}}]},"19":{"loc":{"start":{"line":250,"column":17},"end":{"line":250,"column":36}},"type":"cond-expr","locations":[{"start":{"line":250,"column":17},"end":{"line":250,"column":36}},{"start":{"line":250,"column":36},"end":{"line":250,"column":null}}]},"20":{"loc":{"start":{"line":261,"column":6},"end":{"line":261,"column":18}},"type":"if","locations":[{"start":{"line":261,"column":6},"end":{"line":261,"column":18}},{"start":{"line":261,"column":6},"end":{"line":261,"column":18}}]}},"s":{"0":2,"1":2,"2":2,"3":2,"4":2,"5":2,"6":2,"7":2,"8":0,"9":1,"10":1,"11":1,"12":1,"13":1,"14":1,"15":1,"16":1,"17":4,"18":4,"19":4,"20":4,"21":4,"22":7,"23":1,"24":1,"25":2,"26":4,"27":4,"28":6,"29":0,"30":6,"31":2,"32":4,"33":2,"34":2,"35":2,"36":2,"37":2,"38":2,"39":2,"40":2,"41":2,"42":3,"43":2,"44":2,"45":4,"46":4,"47":4,"48":4,"49":4,"50":4,"51":4,"52":4,"53":4,"54":6,"55":0,"56":8,"57":2,"58":2,"59":3,"60":2,"61":2,"62":2,"63":1,"64":2,"65":2,"66":2,"67":2,"68":2,"69":2,"70":1,"71":1,"72":1,"73":2,"74":2,"75":2,"76":3,"77":2,"78":3,"79":6,"80":5,"81":2},"f":{"0":0,"1":1,"2":1,"3":1,"4":1,"5":1,"6":1,"7":4,"8":2,"9":4,"10":2,"11":2,"12":3},"b":{"0":[3,1],"1":[0,6],"2":[2,0],"3":[1,1],"4":[2,2],"5":[0,6],"6":[1,1],"7":[2,2],"8":[1,1],"9":[1,1],"10":[2,1],"11":[1,1],"12":[3,1],"13":[0,3],"14":[0,3],"15":[1,2],"16":[0,3],"17":[0,3],"18":[0,3],"19":[0,3],"20":[2,1]}}
,"/Users/DevAC/Desktop/Angaza/react-offline-sync/src/utils/checkConnectivityInterval.ts": {"path":"/Users/DevAC/Desktop/Angaza/react-offline-sync/src/utils/checkConnectivityInterval.ts","statementMap":{"0":{"start":{"line":1,"column":30},"end":{"line":1,"column":null}},"1":{"start":{"line":4,"column":2},"end":{"line":4,"column":9}},"2":{"start":{"line":8,"column":2},"end":{"line":10,"column":null}},"3":{"start":{"line":9,"column":4},"end":{"line":9,"column":12}},"4":{"start":{"line":14,"column":2},"end":{"line":17,"column":null}},"5":{"start":{"line":15,"column":4},"end":{"line":15,"column":17}},"6":{"start":{"line":16,"column":4},"end":{"line":16,"column":12}}},"fnMap":{"0":{"name":"getInterval","decl":{"start":{"line":3,"column":16},"end":{"line":3,"column":27}},"loc":{"start":{"line":3,"column":27},"end":{"line":5,"column":null}}},"1":{"name":"setup","decl":{"start":{"line":7,"column":16},"end":{"line":7,"column":22}},"loc":{"start":{"line":7,"column":50},"end":{"line":11,"column":null}}},"2":{"name":"clear","decl":{"start":{"line":13,"column":16},"end":{"line":13,"column":21}},"loc":{"start":{"line":13,"column":21},"end":{"line":18,"column":null}}}},"branchMap":{"0":{"loc":{"start":{"line":8,"column":2},"end":{"line":10,"column":null}},"type":"if","locations":[{"start":{"line":8,"column":2},"end":{"line":10,"column":null}},{"start":{"line":8,"column":2},"end":{"line":10,"column":null}}]},"1":{"loc":{"start":{"line":8,"column":6},"end":{"line":8,"column":15}},"type":"binary-expr","locations":[{"start":{"line":8,"column":6},"end":{"line":8,"column":15}},{"start":{"line":8,"column":15},"end":{"line":8,"column":26}}]},"2":{"loc":{"start":{"line":14,"column":2},"end":{"line":17,"column":null}},"type":"if","locations":[{"start":{"line":14,"column":2},"end":{"line":17,"column":null}},{"start":{"line":14,"column":2},"end":{"line":17,"column":null}}]}},"s":{"0":5,"1":2,"2":3,"3":1,"4":2,"5":1,"6":1},"f":{"0":2,"1":3,"2":2},"b":{"0":[1,2],"1":[3,2],"2":[1,1]}}
,"/Users/DevAC/Desktop/Angaza/react-offline-sync/src/utils/checkInternetAccess.ts": {"path":"/Users/DevAC/Desktop/Angaza/react-offline-sync/src/utils/checkInternetAccess.ts","statementMap":{"0":{"start":{"line":1,"column":0},"end":{"line":1,"column":null}},"1":{"start":{"line":2,"column":0},"end":{"line":2,"column":null}},"2":{"start":{"line":17,"column":37},"end":{"line":17,"column":null}},"3":{"start":{"line":23,"column":0},"end":{"line":23,"column":14}},"4":{"start":{"line":26,"column":8},"end":{"line":26,"column":null}},"5":{"start":{"line":27,"column":4},"end":{"line":27,"column":null}},"6":{"start":{"line":28,"column":4},"end":{"line":28,"column":null}},"7":{"start":{"line":29,"column":4},"end":{"line":29,"column":null}},"8":{"start":{"line":30,"column":4},"end":{"line":30,"column":null}},"9":{"start":{"line":33,"column":2},"end":{"line":33,"column":9}},"10":{"start":{"line":33,"column":61},"end":{"line":33,"column":null}},"11":{"start":{"line":35,"column":6},"end":{"line":35,"column":12}},"12":{"start":{"line":41,"column":6},"end":{"line":41,"column":13}},"13":{"start":{"line":43,"column":6},"end":{"line":43,"column":13}}},"fnMap":{"0":{"name":"checkInternetAccess","decl":{"start":{"line":23,"column":24},"end":{"line":23,"column":null}},"loc":{"start":{"line":24,"column":32},"end":{"line":46,"column":null}}},"1":{"name":"(anonymous_14)","decl":{"start":{"line":33,"column":21},"end":{"line":33,"column":28}},"loc":{"start":{"line":33,"column":61},"end":{"line":45,"column":null}}},"2":{"name":"(anonymous_15)","decl":{"start":{"line":33,"column":61},"end":{"line":33,"column":null}},"loc":{"start":{"line":33,"column":61},"end":{"line":33,"column":null}}}},"branchMap":{"0":{"loc":{"start":{"line":26,"column":8},"end":{"line":26,"column":null}},"type":"binary-expr","locations":[{"start":{"line":26,"column":8},"end":{"line":26,"column":null}},{"start":{"line":26,"column":8},"end":{"line":26,"column":null}}]},"1":{"loc":{"start":{"line":27,"column":4},"end":{"line":27,"column":null}},"type":"cond-expr","locations":[{"start":{"line":27,"column":4},"end":{"line":27,"column":null}},{"start":{"line":27,"column":4},"end":{"line":27,"column":null}}]},"2":{"loc":{"start":{"line":28,"column":4},"end":{"line":28,"column":null}},"type":"cond-expr","locations":[{"start":{"line":28,"column":4},"end":{"line":28,"column":null}},{"start":{"line":28,"column":4},"end":{"line":28,"column":null}}]},"3":{"loc":{"start":{"line":29,"column":4},"end":{"line":29,"column":null}},"type":"cond-expr","locations":[{"start":{"line":29,"column":4},"end":{"line":29,"column":null}},{"start":{"line":29,"column":4},"end":{"line":29,"column":null}}]},"4":{"loc":{"start":{"line":30,"column":4},"end":{"line":30,"column":null}},"type":"cond-expr","locations":[{"start":{"line":30,"column":4},"end":{"line":30,"column":null}},{"start":{"line":30,"column":4},"end":{"line":30,"column":null}}]}},"s":{"0":7,"1":7,"2":7,"3":4,"4":4,"5":8,"6":8,"7":8,"8":8,"9":4,"10":4,"11":8,"12":3,"13":1},"f":{"0":4,"1":4,"2":4},"b":{"0":[4,1],"1":[0,4],"2":[0,4],"3":[2,2],"4":[0,4]}}
,"/Users/DevAC/Desktop/Angaza/react-offline-sync/src/utils/checkInternetConnection.ts": {"path":"/Users/DevAC/Desktop/Angaza/react-offline-sync/src/utils/checkInternetConnection.ts","statementMap":{"0":{"start":{"line":1,"column":0},"end":{"line":1,"column":null}},"1":{"start":{"line":2,"column":0},"end":{"line":2,"column":null}},"2":{"start":{"line":3,"column":0},"end":{"line":3,"column":null}},"3":{"start":{"line":20,"column":2},"end":{"line":20,"column":null}},"4":{"start":{"line":20,"column":2},"end":{"line":20,"column":39}},"5":{"start":{"line":21,"column":2},"end":{"line":21,"column":null}},"6":{"start":{"line":21,"column":2},"end":{"line":21,"column":35}},"7":{"start":{"line":22,"column":2},"end":{"line":22,"column":null}},"8":{"start":{"line":22,"column":2},"end":{"line":22,"column":19}},"9":{"start":{"line":23,"column":2},"end":{"line":23,"column":null}},"10":{"start":{"line":23,"column":2},"end":{"line":23,"column":42}},"11":{"start":{"line":24,"column":2},"end":{"line":24,"column":null}},"12":{"start":{"line":24,"column":2},"end":{"line":24,"column":53}},"13":{"start":{"line":26,"column":2},"end":{"line":26,"column":9}},"14":{"start":{"line":26,"column":51},"end":{"line":26,"column":null}},"15":{"start":{"line":27,"column":8},"end":{"line":27,"column":null}},"16":{"start":{"line":28,"column":32},"end":{"line":28,"column":38}},"17":{"start":{"line":28,"column":12},"end":{"line":28,"column":29}},"18":{"start":{"line":34,"column":6},"end":{"line":34,"column":13}},"19":{"start":{"line":36,"column":4},"end":{"line":36,"column":11}}},"fnMap":{"0":{"name":"checkInternetConnection","decl":{"start":{"line":19,"column":30},"end":{"line":19,"column":null}},"loc":{"start":{"line":24,"column":53},"end":{"line":38,"column":null}}},"1":{"name":"(anonymous_16)","decl":{"start":{"line":26,"column":30},"end":{"line":26,"column":36}},"loc":{"start":{"line":26,"column":51},"end":{"line":37,"column":null}}},"2":{"name":"(anonymous_17)","decl":{"start":{"line":26,"column":51},"end":{"line":26,"column":null}},"loc":{"start":{"line":26,"column":51},"end":{"line":26,"column":null}}}},"branchMap":{"0":{"loc":{"start":{"line":20,"column":2},"end":{"line":20,"column":null}},"type":"if","locations":[{"start":{"line":20,"column":2},"end":{"line":20,"column":null}},{"start":{"line":20,"column":2},"end":{"line":20,"column":null}}]},"1":{"loc":{"start":{"line":21,"column":2},"end":{"line":21,"column":null}},"type":"if","locations":[{"start":{"line":21,"column":2},"end":{"line":21,"column":null}},{"start":{"line":21,"column":2},"end":{"line":21,"column":null}}]},"2":{"loc":{"start":{"line":22,"column":2},"end":{"line":22,"column":null}},"type":"if","locations":[{"start":{"line":22,"column":2},"end":{"line":22,"column":null}},{"start":{"line":22,"column":2},"end":{"line":22,"column":null}}]},"3":{"loc":{"start":{"line":23,"column":2},"end":{"line":23,"column":null}},"type":"if","locations":[{"start":{"line":23,"column":2},"end":{"line":23,"column":null}},{"start":{"line":23,"column":2},"end":{"line":23,"column":null}}]},"4":{"loc":{"start":{"line":24,"column":2},"end":{"line":24,"column":null}},"type":"if","locations":[{"start":{"line":24,"column":2},"end":{"line":24,"column":null}},{"start":{"line":24,"column":2},"end":{"line":24,"column":null}}]},"5":{"loc":{"start":{"line":27,"column":8},"end":{"line":27,"column":null}},"type":"if","locations":[{"start":{"line":27,"column":8},"end":{"line":27,"column":null}},{"start":{"line":27,"column":8},"end":{"line":27,"column":null}}]}},"s":{"0":1,"1":1,"2":1,"3":1,"4":0,"5":1,"6":0,"7":1,"8":0,"9":1,"10":1,"11":1,"12":1,"13":1,"14":0,"15":0,"16":0,"17":0,"18":0,"19":0},"f":{"0":1,"1":0,"2":0},"b":{"0":[0,1],"1":[0,1],"2":[0,1],"3":[1,0],"4":[1,0],"5":[0,0]}}
,"/Users/DevAC/Desktop/Angaza/react-offline-sync/src/utils/constants.ts": {"path":"/Users/DevAC/Desktop/Angaza/react-offline-sync/src/utils/constants.ts","statementMap":{"0":{"start":{"line":3,"column":34},"end":{"line":3,"column":null}},"1":{"start":{"line":4,"column":31},"end":{"line":4,"column":null}},"2":{"start":{"line":5,"column":39},"end":{"line":5,"column":null}},"3":{"start":{"line":6,"column":35},"end":{"line":6,"column":null}},"4":{"start":{"line":7,"column":38},"end":{"line":7,"column":null}},"5":{"start":{"line":8,"column":71},"end":{"line":8,"column":null}},"6":{"start":{"line":13,"column":46},"end":{"line":13,"column":null}}},"fnMap":{},"branchMap":{},"s":{"0":12,"1":12,"2":12,"3":12,"4":12,"5":12,"6":12},"f":{},"b":{}}
,"/Users/DevAC/Desktop/Angaza/react-offline-sync/src/utils/getSimilarActionInQueue.ts": {"path":"/Users/DevAC/Desktop/Angaza/react-offline-sync/src/utils/getSimilarActionInQueue.ts","statementMap":{"0":{"start":{"line":1,"column":0},"end":{"line":1,"column":null}},"1":{"start":{"line":14,"column":2},"end":{"line":16,"column":null}},"2":{"start":{"line":15,"column":4},"end":{"line":15,"column":11}},"3":{"start":{"line":15,"column":38},"end":{"line":15,"column":46}},"4":{"start":{"line":17,"column":2},"end":{"line":19,"column":null}},"5":{"start":{"line":18,"column":4},"end":{"line":18,"column":11}},"6":{"start":{"line":18,"column":38},"end":{"line":18,"column":44}},"7":{"start":{"line":20,"column":2},"end":{"line":20,"column":9}}},"fnMap":{"0":{"name":"getSimilarActionInQueue","decl":{"start":{"line":10,"column":24},"end":{"line":10,"column":null}},"loc":{"start":{"line":12,"column":31},"end":{"line":21,"column":null}}},"1":{"name":"(anonymous_1)","decl":{"start":{"line":15,"column":28},"end":{"line":15,"column":34}},"loc":{"start":{"line":15,"column":34},"end":{"line":15,"column":null}}},"2":{"name":"(anonymous_2)","decl":{"start":{"line":18,"column":28},"end":{"line":18,"column":34}},"loc":{"start":{"line":18,"column":34},"end":{"line":18,"column":null}}}},"branchMap":{"0":{"loc":{"start":{"line":14,"column":2},"end":{"line":16,"column":null}},"type":"if","locations":[{"start":{"line":14,"column":2},"end":{"line":16,"column":null}},{"start":{"line":14,"column":2},"end":{"line":16,"column":null}}]},"1":{"loc":{"start":{"line":17,"column":2},"end":{"line":19,"column":null}},"type":"if","locations":[{"start":{"line":17,"column":2},"end":{"line":19,"column":null}},{"start":{"line":17,"column":2},"end":{"line":19,"column":null}}]}},"s":{"0":4,"1":16,"2":7,"3":7,"4":9,"5":8,"6":7,"7":1},"f":{"0":16,"1":7,"2":7},"b":{"0":[7,9],"1":[8,1]}}
,"/Users/DevAC/Desktop/Angaza/react-offline-sync/src/utils/makeHttpRequest.ts": {"path":"/Users/DevAC/Desktop/Angaza/react-offline-sync/src/utils/makeHttpRequest.ts","statementMap":{"0":{"start":{"line":1,"column":0},"end":{"line":1,"column":null}},"1":{"start":{"line":28,"column":23},"end":{"line":28,"column":null}},"2":{"start":{"line":45,"column":33},"end":{"line":45,"column":null}},"3":{"start":{"line":52,"column":8},"end":{"line":52,"column":null}},"4":{"start":{"line":53,"column":4},"end":{"line":53,"column":null}},"5":{"start":{"line":54,"column":4},"end":{"line":54,"column":null}},"6":{"start":{"line":55,"column":4},"end":{"line":55,"column":null}},"7":{"start":{"line":56,"column":4},"end":{"line":56,"column":null}},"8":{"start":{"line":57,"column":4},"end":{"line":57,"column":null}},"9":{"start":{"line":59,"column":2},"end":{"line":59,"column":9}},"10":{"start":{"line":61,"column":16},"end":{"line":61,"column":20}},"11":{"start":{"line":62,"column":4},"end":{"line":62,"column":7}},"12":{"start":{"line":63,"column":4},"end":{"line":63,"column":7}},"13":{"start":{"line":64,"column":4},"end":{"line":64,"column":7}},"14":{"start":{"line":66,"column":6},"end":{"line":74,"column":null}},"15":{"start":{"line":67,"column":8},"end":{"line":67,"column":15}},"16":{"start":{"line":71,"column":8},"end":{"line":71,"column":14}},"17":{"start":{"line":76,"column":4},"end":{"line":76,"column":7}},"18":{"start":{"line":77,"column":6},"end":{"line":77,"column":12}},"19":{"start":{"line":81,"column":4},"end":{"line":81,"column":7}},"20":{"start":{"line":82,"column":6},"end":{"line":82,"column":12}},"21":{"start":{"line":87,"column":25},"end":{"line":87,"column":33}},"22":{"start":{"line":88,"column":4},"end":{"line":88,"column":10}},"23":{"start":{"line":89,"column":16},"end":{"line":89,"column":null}},"24":{"start":{"line":90,"column":6},"end":{"line":90,"column":9}},"25":{"start":{"line":92,"column":4},"end":{"line":92,"column":7}}},"fnMap":{"0":{"name":"makeHttpRequest","decl":{"start":{"line":51,"column":24},"end":{"line":51,"column":40}},"loc":{"start":{"line":51,"column":54},"end":{"line":94,"column":null}}},"1":{"name":"(anonymous_3)","decl":{"start":{"line":59,"column":21},"end":{"line":59,"column":22}},"loc":{"start":{"line":59,"column":69},"end":{"line":93,"column":null}}},"2":{"name":"onLoad","decl":{"start":{"line":64,"column":26},"end":{"line":64,"column":32}},"loc":{"start":{"line":64,"column":32},"end":{"line":75,"column":null}}},"3":{"name":"onError","decl":{"start":{"line":76,"column":27},"end":{"line":76,"column":34}},"loc":{"start":{"line":76,"column":34},"end":{"line":80,"column":null}}},"4":{"name":"onTimeOut","decl":{"start":{"line":81,"column":29},"end":{"line":81,"column":38}},"loc":{"start":{"line":81,"column":38},"end":{"line":85,"column":null}}},"5":{"name":"(anonymous_7)","decl":{"start":{"line":88,"column":41},"end":{"line":88,"column":44}},"loc":{"start":{"line":88,"column":44},"end":{"line":91,"column":null}}}},"branchMap":{"0":{"loc":{"start":{"line":52,"column":8},"end":{"line":52,"column":null}},"type":"binary-expr","locations":[{"start":{"line":52,"column":8},"end":{"line":52,"column":null}},{"start":{"line":52,"column":8},"end":{"line":52,"column":null}}]},"1":{"loc":{"start":{"line":53,"column":4},"end":{"line":53,"column":null}},"type":"cond-expr","locations":[{"start":{"line":53,"column":4},"end":{"line":53,"column":null}},{"start":{"line":53,"column":4},"end":{"line":53,"column":null}}]},"2":{"loc":{"start":{"line":54,"column":4},"end":{"line":54,"column":null}},"type":"cond-expr","locations":[{"start":{"line":54,"column":4},"end":{"line":54,"column":null}},{"start":{"line":54,"column":4},"end":{"line":54,"column":null}}]},"3":{"loc":{"start":{"line":55,"column":4},"end":{"line":55,"column":null}},"type":"cond-expr","locations":[{"start":{"line":55,"column":4},"end":{"line":55,"column":null}},{"start":{"line":55,"column":4},"end":{"line":55,"column":null}}]},"4":{"loc":{"start":{"line":56,"column":4},"end":{"line":56,"column":null}},"type":"cond-expr","locations":[{"start":{"line":56,"column":4},"end":{"line":56,"column":null}},{"start":{"line":56,"column":4},"end":{"line":56,"column":null}}]},"5":{"loc":{"start":{"line":66,"column":6},"end":{"line":74,"column":null}},"type":"if","locations":[{"start":{"line":66,"column":6},"end":{"line":74,"column":null}},{"start":{"line":66,"column":6},"end":{"line":74,"column":null}}]},"6":{"loc":{"start":{"line":66,"column":10},"end":{"line":66,"column":32}},"type":"binary-expr","locations":[{"start":{"line":66,"column":10},"end":{"line":66,"column":32}},{"start":{"line":66,"column":32},"end":{"line":66,"column":51}}]}},"s":{"0":7,"1":7,"2":7,"3":9,"4":18,"5":18,"6":18,"7":18,"8":9,"9":9,"10":9,"11":9,"12":9,"13":9,"14":4,"15":2,"16":2,"17":9,"18":1,"19":9,"20":1,"21":9,"22":9,"23":28,"24":28,"25":9},"f":{"0":9,"1":9,"2":4,"3":1,"4":1,"5":28},"b":{"0":[9,1],"1":[0,9],"2":[0,9],"3":[0,9],"4":[7,2],"5":[2,2],"6":[4,4]}}
,"/Users/DevAC/Desktop/Angaza/react-offline-sync/src/utils/nonNullable.ts": {"path":"/Users/DevAC/Desktop/Angaza/react-offline-sync/src/utils/nonNullable.ts","statementMap":{"0":{"start":{"line":3,"column":2},"end":{"line":3,"column":9}}},"fnMap":{"0":{"name":"nonNullable","decl":{"start":{"line":2,"column":24},"end":{"line":2,"column":39}},"loc":{"start":{"line":2,"column":47},"end":{"line":4,"column":null}}}},"branchMap":{},"s":{"0":15},"f":{"0":15},"b":{}}
,"/Users/DevAC/Desktop/Angaza/react-offline-sync/src/utils/objectEntries.ts": {"path":"/Users/DevAC/Desktop/Angaza/react-offline-sync/src/utils/objectEntries.ts","statementMap":{"0":{"start":{"line":1,"column":16},"end":{"line":1,"column":null}},"1":{"start":{"line":5,"column":15},"end":{"line":5,"column":null}}},"fnMap":{},"branchMap":{},"s":{"0":1,"1":1},"f":{},"b":{}}
,"/Users/DevAC/Desktop/Angaza/react-offline-sync/src/utils/wait.ts": {"path":"/Users/DevAC/Desktop/Angaza/react-offline-sync/src/utils/wait.ts","statementMap":{"0":{"start":{"line":1,"column":13},"end":{"line":1,"column":null}},"1":{"start":{"line":1,"column":28},"end":{"line":1,"column":32}},"2":{"start":{"line":1,"column":51},"end":{"line":1,"column":61}},"3":{"start":{"line":2,"column":15},"end":{"line":2,"column":null}}},"fnMap":{"0":{"name":"wait","decl":{"start":{"line":1,"column":6},"end":{"line":1,"column":10}},"loc":{"start":{"line":1,"column":23},"end":{"line":1,"column":null}}},"1":{"name":"(anonymous_1)","decl":{"start":{"line":1,"column":40},"end":{"line":1,"column":47}},"loc":{"start":{"line":1,"column":47},"end":{"line":1,"column":32}}}},"branchMap":{},"s":{"0":1,"1":4,"2":4,"3":1},"f":{"0":4,"1":4},"b":{}}
}
