TN:
SF:/Users/DevAC/Desktop/Angaza/react-offline-sync/src/components/NetworkConnectivity.tsx
FN:17,validateProps
FN:46,(anonymous_22)
FN:57,NetworkConnectivity
FN:50,(anonymous_24)
FN:103,(anonymous_25)
FN:111,(anonymous_26)
FN:138,(anonymous_29)
FN:147,(anonymous_30)
FN:65,(anonymous_31)
FN:80,(anonymous_34)
FN:91,(anonymous_35)
FN:96,(anonymous_36)
FN:153,(anonymous_37)
FN:54,onConnectivityChange
FNF:14
FNH:6
FNDA:1,validateProps
FNDA:2,(anonymous_22)
FNDA:1,NetworkConnectivity
FNDA:0,(anonymous_24)
FNDA:0,(anonymous_25)
FNDA:0,(anonymous_26)
FNDA:0,(anonymous_29)
FNDA:0,(anonymous_30)
FNDA:1,(anonymous_31)
FNDA:0,(anonymous_34)
FNDA:0,(anonymous_35)
FNDA:1,(anonymous_36)
FNDA:1,(anonymous_37)
FNDA:0,onConnectivityChange
DA:1,2
DA:2,2
DA:3,2
DA:4,2
DA:5,2
DA:7,2
DA:18,1
DA:19,0
DA:23,1
DA:24,0
DA:26,1
DA:27,0
DA:29,1
DA:30,0
DA:32,1
DA:33,0
DA:35,1
DA:36,0
DA:38,1
DA:39,0
DA:41,1
DA:42,0
DA:46,2
DA:50,1
DA:52,2
DA:54,0
DA:58,1
DA:59,1
DA:60,1
DA:65,2
DA:66,1
DA:67,1
DA:69,1
DA:71,2
DA:72,0
DA:73,0
DA:75,1
DA:76,0
DA:80,2
DA:81,0
DA:82,0
DA:83,0
DA:84,0
DA:86,0
DA:87,0
DA:91,2
DA:92,0
DA:93,0
DA:96,2
DA:97,1
DA:98,1
DA:103,1
DA:104,0
DA:105,0
DA:107,0
DA:111,1
DA:112,0
DA:119,0
DA:120,0
DA:122,0
DA:132,0
DA:138,1
DA:139,0
DA:140,0
DA:141,0
DA:142,0
DA:144,0
DA:147,1
DA:148,0
DA:153,2
DA:154,1
DA:155,1
DA:157,2
DA:159,2
LF:74
LH:40
BRDA:18,0,0,0
BRDA:18,0,1,1
BRDA:23,1,0,0
BRDA:23,1,1,1
BRDA:26,2,0,0
BRDA:26,2,1,1
BRDA:29,3,0,0
BRDA:29,3,1,1
BRDA:32,4,0,0
BRDA:32,4,1,1
BRDA:35,5,0,0
BRDA:35,5,1,1
BRDA:38,6,0,0
BRDA:38,6,1,1
BRDA:41,7,0,0
BRDA:41,7,1,1
BRDA:58,8,0,1
BRDA:58,8,1,1
BRDA:104,9,0,0
BRDA:104,9,1,0
BRDA:119,10,0,0
BRDA:119,10,1,0
BRDA:119,11,0,0
BRDA:119,11,1,0
BRDA:141,12,0,0
BRDA:141,12,1,0
BRDA:141,13,0,0
BRDA:141,13,1,0
BRDA:71,14,0,1
BRDA:71,14,1,0
BRDA:75,15,0,0
BRDA:75,15,1,1
BRDA:83,16,0,0
BRDA:83,16,1,0
BRDA:86,17,0,0
BRDA:86,17,1,0
BRDA:99,18,0,1
BRDA:99,18,1,0
BRF:38
BRH:13
end_of_record
TN:
SF:/Users/DevAC/Desktop/Angaza/react-offline-sync/src/components/NetworkContext.tsx
FNF:0
FNH:0
DA:1,1
DA:4,1
DA:6,1
LF:3
LH:3
BRF:0
BRH:0
end_of_record
TN:
SF:/Users/DevAC/Desktop/Angaza/react-offline-sync/src/components/NetworkProvider.tsx
FN:11,NetworkProvider
FN:33,(anonymous_3)
FNF:2
FNH:1
FNDA:1,NetworkProvider
FNDA:0,(anonymous_3)
DA:1,1
DA:2,1
DA:3,1
DA:5,1
DA:12,2
DA:13,2
DA:14,2
DA:15,2
DA:16,2
DA:17,2
DA:18,2
DA:19,1
DA:21,1
DA:33,0
DA:42,1
LF:15
LH:14
BRDA:12,0,0,0
BRDA:12,0,1,1
BRDA:13,1,0,0
BRDA:13,1,1,1
BRDA:14,2,0,0
BRDA:14,2,1,1
BRDA:15,3,0,0
BRDA:15,3,1,1
BRDA:16,4,0,0
BRDA:16,4,1,1
BRDA:17,5,0,0
BRDA:17,5,1,1
BRDA:18,6,0,0
BRDA:18,6,1,1
BRF:14
BRH:7
end_of_record
TN:
SF:/Users/DevAC/Desktop/Angaza/react-offline-sync/src/components/ReduxNetworkProvider.tsx
FN:25,(anonymous_9)
FN:28,(anonymous_11)
FN:35,(anonymous_12)
FN:42,(anonymous_13)
FN:48,mapStateToProps
FNF:5
FNH:4
FNDA:5,(anonymous_9)
FNDA:2,(anonymous_11)
FNDA:4,(anonymous_12)
FNDA:1,(anonymous_13)
FNDA:0,mapStateToProps
DA:1,1
DA:2,1
DA:4,1
DA:5,1
DA:8,1
DA:25,5
DA:26,1
DA:28,4
DA:29,2
DA:30,2
DA:31,1
DA:35,1
DA:36,4
DA:37,4
DA:42,1
DA:46,1
DA:48,1
DA:52,1
LF:18
LH:18
BRDA:25,0,0,4
BRDA:25,0,1,4
BRDA:25,0,2,4
BRDA:30,1,0,1
BRDA:30,1,1,1
BRF:5
BRH:5
end_of_record
TN:
SF:/Users/DevAC/Desktop/Angaza/react-offline-sync/src/redux/actionCreators.ts
FN:4,connectionChange
FN:9,fetchOfflineMode
FN:32,removeActionFromQueue
FN:37,dismissActionsFromQueue
FN:42,changeQueueSemaphore
FNF:5
FNH:5
FNDA:7,connectionChange
FNDA:2,fetchOfflineMode
FNDA:6,removeActionFromQueue
FNDA:7,dismissActionsFromQueue
FNDA:2,changeQueueSemaphore
DA:1,4
DA:4,7
DA:9,4
DA:10,4
DA:11,2
DA:12,2
DA:23,0
DA:32,6
DA:37,7
DA:42,4
LF:10
LH:9
BRDA:10,0,0,1
BRDA:10,0,1,1
BRDA:11,1,0,2
BRDA:11,1,1,0
BRF:4
BRH:3
end_of_record
TN:
SF:/Users/DevAC/Desktop/Angaza/react-offline-sync/src/redux/actionTypes.ts
FNF:0
FNH:0
DA:1,4
DA:2,4
DA:4,4
DA:6,4
DA:8,4
LF:5
LH:5
BRF:0
BRH:0
end_of_record
TN:
SF:/Users/DevAC/Desktop/Angaza/react-offline-sync/src/redux/createNetworkMiddleware.ts
FN:30,shouldDequeueSelector
FN:36,validateParams
FN:44,findActionToBeDismissed
FN:48,(anonymous_16)
FN:54,isObjectAndShouldBeIntercepted
FN:67,isThunkAndShouldBeIntercepted
FN:71,checkIfActionShouldBeIntercepted
FN:82,didComeBackOnline
FN:93,didQueueResume
FN:104,createReleaseQueue
FN:109,(anonymous_23)
FN:109,(anonymous_24)
FN:125,createNetworkMiddleware
FN:131,(anonymous_27)
FN:131,(anonymous_28)
FN:133,(anonymous_29)
FNF:16
FNH:16
FNDA:2,shouldDequeueSelector
FNDA:12,validateParams
FNDA:8,findActionToBeDismissed
FNDA:5,(anonymous_16)
FNDA:10,isObjectAndShouldBeIntercepted
FNDA:9,isThunkAndShouldBeIntercepted
FNDA:10,checkIfActionShouldBeIntercepted
FNDA:10,didComeBackOnline
FNDA:10,didQueueResume
FNDA:16,createReleaseQueue
FNDA:6,(anonymous_23)
FNDA:6,(anonymous_24)
FNDA:9,createNetworkMiddleware
FNDA:12,(anonymous_27)
FNDA:12,(anonymous_28)
FNDA:12,(anonymous_29)
DA:1,1
DA:2,1
DA:4,1
DA:9,1
DA:10,1
DA:12,1
DA:26,1
DA:30,2
DA:37,12
DA:38,1
DA:40,11
DA:41,1
DA:48,8
DA:49,5
DA:50,5
DA:59,10
DA:60,10
DA:64,0
DA:68,9
DA:76,10
DA:83,10
DA:84,4
DA:90,6
DA:94,10
DA:95,4
DA:101,6
DA:104,1
DA:109,16
DA:111,9
DA:112,8
DA:113,8
DA:114,13
DA:115,3
DA:116,3
DA:118,6
DA:120,5
DA:125,9
DA:126,18
DA:127,18
DA:128,18
DA:129,18
DA:131,12
DA:133,12
DA:134,12
DA:135,12
DA:141,12
DA:143,10
DA:149,10
DA:152,0
DA:155,10
DA:156,10
DA:159,10
DA:162,10
DA:164,2
DA:165,2
DA:170,8
DA:171,8
DA:175,8
DA:176,2
DA:181,8
DA:185,1
LF:61
LH:59
BRDA:37,0,0,1
BRDA:37,0,1,11
BRDA:40,1,0,1
BRDA:40,1,1,10
BRDA:59,2,0,10
BRDA:59,2,1,0
BRDA:59,3,0,10
BRDA:59,3,1,10
BRDA:61,4,0,10
BRDA:61,4,1,9
BRDA:68,5,0,9
BRDA:68,5,1,0
BRDA:77,6,0,10
BRDA:77,6,1,9
BRDA:83,7,0,4
BRDA:83,7,1,6
BRDA:83,8,0,10
BRDA:83,8,1,10
BRDA:85,9,0,4
BRDA:85,9,1,1
BRDA:85,9,2,1
BRDA:94,10,0,4
BRDA:94,10,1,6
BRDA:94,11,0,10
BRDA:94,11,1,10
BRDA:96,12,0,4
BRDA:96,12,1,1
BRDA:96,12,2,1
BRDA:111,13,0,1
BRDA:111,13,1,8
BRDA:114,14,0,5
BRDA:114,14,1,3
BRDA:114,15,0,8
BRDA:114,15,1,5
BRDA:114,15,2,4
BRDA:125,16,0,5
BRDA:125,16,1,4
BRDA:126,17,0,8
BRDA:126,17,1,1
BRDA:127,18,0,7
BRDA:127,18,1,2
BRDA:128,19,0,9
BRDA:128,19,1,0
BRDA:129,20,0,8
BRDA:129,20,1,1
BRDA:149,21,0,0
BRDA:149,21,1,10
BRDA:149,22,0,10
BRDA:149,22,1,1
BRDA:159,23,0,10
BRDA:159,23,1,9
BRDA:159,23,2,3
BRDA:159,23,3,2
BRDA:162,24,0,2
BRDA:162,24,1,8
BRDA:170,25,0,8
BRDA:170,25,1,0
BRDA:175,26,0,2
BRDA:175,26,1,6
BRDA:175,27,0,8
BRDA:175,27,1,2
BRF:61
BRH:56
end_of_record
TN:
SF:/Users/DevAC/Desktop/Angaza/react-offline-sync/src/redux/createReducer.ts
FN:29,handleOfflineAction
FN:62,handleRemoveActionFromQueue
FN:79,handleDismissActionsFromQueue
FN:83,(anonymous_6)
FN:94,handleChangeQueueSemaphore
FN:104,_default
FN:104,(anonymous_9)
FN:132,networkSelector
FNF:8
FNH:6
FNDA:2,handleOfflineAction
FNDA:0,handleRemoveActionFromQueue
FNDA:3,handleDismissActionsFromQueue
FNDA:9,(anonymous_6)
FNDA:0,handleChangeQueueSemaphore
FNDA:1,_default
FNDA:8,(anonymous_9)
FNDA:1,networkSelector
DA:1,2
DA:2,2
DA:4,2
DA:5,2
DA:6,2
DA:15,2
DA:22,2
DA:23,2
DA:31,2
DA:35,2
DA:38,2
DA:40,2
DA:42,0
DA:44,0
DA:47,0
DA:51,0
DA:54,0
DA:59,2
DA:66,0
DA:71,0
DA:83,3
DA:84,9
DA:85,9
DA:88,3
DA:98,0
DA:104,2
DA:105,8
DA:108,8
DA:110,1
DA:115,2
DA:122,0
DA:124,3
DA:126,0
DA:128,2
DA:133,1
LF:35
LH:25
BRDA:35,0,0,2
BRDA:35,0,1,2
BRDA:38,1,0,2
BRDA:38,1,1,0
BRDA:40,2,0,0
BRDA:40,2,1,2
BRDA:40,3,0,2
BRDA:40,3,1,2
BRDA:42,4,0,0
BRDA:42,4,1,0
BRDA:45,5,0,0
BRDA:45,5,1,0
BRDA:52,6,0,0
BRDA:52,6,1,0
BRDA:104,7,0,1
BRDA:104,7,1,0
BRDA:105,8,0,1
BRDA:105,8,1,7
BRDA:109,9,0,1
BRDA:109,9,1,2
BRDA:109,9,2,0
BRDA:109,9,3,3
BRDA:109,9,4,0
BRDA:109,9,5,2
BRF:24
BRH:13
end_of_record
TN:
SF:/Users/DevAC/Desktop/Angaza/react-offline-sync/src/redux/sagas.ts
FN:24,netInfoEventChannelFn
FN:28,intervalChannelFn
FN:29,(anonymous_8)
FN:30,(anonymous_9)
FN:31,(anonymous_10)
FN:41,createNetInfoConnectionChangeChannel
FN:52,createIntervalChannel
FN:69,netInfoChangeSaga
FN:121,connectionHandler
FN:153,connectionIntervalSaga
FN:197,checkInternetAccessSaga
FN:222,handleConnectivityChange
FN:242,networkSaga
FNF:13
FNH:5
FNDA:0,netInfoEventChannelFn
FNDA:0,intervalChannelFn
FNDA:0,(anonymous_8)
FNDA:0,(anonymous_9)
FNDA:0,(anonymous_10)
FNDA:0,createNetInfoConnectionChangeChannel
FNDA:0,createIntervalChannel
FNDA:4,netInfoChangeSaga
FNDA:2,connectionHandler
FNDA:0,connectionIntervalSaga
FNDA:2,checkInternetAccessSaga
FNDA:2,handleConnectivityChange
FNDA:3,networkSaga
DA:1,1
DA:2,1
DA:3,1
DA:4,1
DA:5,1
DA:6,1
DA:7,1
DA:9,1
DA:25,0
DA:29,0
DA:30,0
DA:31,0
DA:32,0
DA:44,0
DA:53,0
DA:54,0
DA:70,4
DA:71,4
DA:72,4
DA:73,4
DA:74,4
DA:76,7
DA:77,1
DA:78,2
DA:87,4
DA:92,6
DA:93,6
DA:94,4
DA:104,2
DA:105,2
DA:122,2
DA:123,2
DA:124,2
DA:125,2
DA:126,2
DA:127,2
DA:129,3
DA:130,2
DA:138,2
DA:154,0
DA:155,0
DA:156,0
DA:157,0
DA:158,0
DA:159,0
DA:160,0
DA:162,0
DA:168,0
DA:169,0
DA:170,0
DA:171,0
DA:172,0
DA:182,0
DA:183,0
DA:198,2
DA:199,2
DA:200,2
DA:201,2
DA:202,2
DA:204,2
DA:205,1
DA:207,1
DA:213,2
DA:223,2
DA:224,3
DA:225,2
DA:243,3
DA:254,6
DA:261,5
DA:262,2
LF:70
LH:47
BRDA:76,0,0,3
BRDA:76,0,1,1
BRDA:92,1,0,0
BRDA:92,1,1,6
BRDA:104,2,0,2
BRDA:104,2,1,0
BRDA:129,3,0,1
BRDA:129,3,1,1
BRDA:129,4,0,2
BRDA:129,4,1,2
BRDA:168,5,0,0
BRDA:168,5,1,0
BRDA:171,6,0,0
BRDA:171,6,1,0
BRDA:171,7,0,0
BRDA:171,7,1,0
BRDA:182,8,0,0
BRDA:182,8,1,0
BRDA:204,9,0,1
BRDA:204,9,1,1
BRDA:204,10,0,2
BRDA:204,10,1,1
BRDA:224,11,0,1
BRDA:224,11,1,1
BRDA:252,12,0,3
BRDA:252,12,1,1
BRDA:244,13,0,0
BRDA:244,13,1,3
BRDA:245,14,0,0
BRDA:245,14,1,3
BRDA:246,15,0,1
BRDA:246,15,1,2
BRDA:247,16,0,0
BRDA:247,16,1,3
BRDA:248,17,0,0
BRDA:248,17,1,3
BRDA:249,18,0,0
BRDA:249,18,1,3
BRDA:250,19,0,0
BRDA:250,19,1,3
BRDA:261,20,0,2
BRDA:261,20,1,1
BRF:42
BRH:26
end_of_record
TN:
SF:/Users/DevAC/Desktop/Angaza/react-offline-sync/src/utils/checkConnectivityInterval.ts
FN:3,getInterval
FN:7,setup
FN:13,clear
FNF:3
FNH:3
FNDA:2,getInterval
FNDA:3,setup
FNDA:2,clear
DA:1,3
DA:4,2
DA:8,3
DA:9,1
DA:14,2
DA:15,1
DA:16,1
LF:7
LH:7
BRDA:8,0,0,1
BRDA:8,0,1,2
BRDA:8,1,0,3
BRDA:8,1,1,2
BRDA:14,2,0,1
BRDA:14,2,1,1
BRF:6
BRH:6
end_of_record
TN:
SF:/Users/DevAC/Desktop/Angaza/react-offline-sync/src/utils/checkInternetAccess.ts
FN:23,checkInternetAccess
FN:33,(anonymous_14)
FN:33,(anonymous_15)
FNF:3
FNH:0
FNDA:0,checkInternetAccess
FNDA:0,(anonymous_14)
FNDA:0,(anonymous_15)
DA:1,3
DA:2,3
DA:17,3
DA:23,0
DA:26,0
DA:27,0
DA:28,0
DA:29,0
DA:30,0
DA:33,0
DA:35,0
DA:41,0
DA:43,0
LF:13
LH:3
BRDA:26,0,0,0
BRDA:26,0,1,0
BRDA:27,1,0,0
BRDA:27,1,1,0
BRDA:28,2,0,0
BRDA:28,2,1,0
BRDA:29,3,0,0
BRDA:29,3,1,0
BRDA:30,4,0,0
BRDA:30,4,1,0
BRF:10
BRH:0
end_of_record
TN:
SF:/Users/DevAC/Desktop/Angaza/react-offline-sync/src/utils/constants.ts
FNF:0
FNH:0
DA:3,6
DA:4,6
DA:5,6
DA:6,6
DA:7,6
DA:8,6
DA:13,6
LF:7
LH:7
BRF:0
BRH:0
end_of_record
TN:
SF:/Users/DevAC/Desktop/Angaza/react-offline-sync/src/utils/getSimilarActionInQueue.ts
FN:10,getSimilarActionInQueue
FN:15,(anonymous_1)
FN:18,(anonymous_2)
FNF:3
FNH:2
FNDA:1,getSimilarActionInQueue
FNDA:1,(anonymous_1)
FNDA:0,(anonymous_2)
DA:1,3
DA:14,1
DA:15,1
DA:17,0
DA:18,0
DA:20,0
LF:6
LH:3
BRDA:14,0,0,1
BRDA:14,0,1,0
BRDA:17,1,0,0
BRDA:17,1,1,0
BRF:4
BRH:1
end_of_record
TN:
SF:/Users/DevAC/Desktop/Angaza/react-offline-sync/src/utils/makeHttpRequest.ts
FN:51,makeHttpRequest
FN:59,(anonymous_3)
FN:64,onLoad
FN:76,onError
FN:81,onTimeOut
FN:88,(anonymous_7)
FNF:6
FNH:4
FNDA:5,makeHttpRequest
FNDA:5,(anonymous_3)
FNDA:4,onLoad
FNDA:0,onError
FNDA:0,onTimeOut
FNDA:15,(anonymous_7)
DA:1,4
DA:28,4
DA:45,4
DA:52,5
DA:53,10
DA:54,10
DA:55,10
DA:56,10
DA:57,5
DA:59,5
DA:61,5
DA:62,5
DA:63,5
DA:64,5
DA:66,4
DA:67,2
DA:71,2
DA:76,5
DA:77,0
DA:81,5
DA:82,0
DA:87,5
DA:88,5
DA:89,15
DA:90,15
DA:92,5
LF:26
LH:24
BRDA:52,0,0,5
BRDA:52,0,1,0
BRDA:53,1,0,0
BRDA:53,1,1,5
BRDA:54,2,0,0
BRDA:54,2,1,5
BRDA:55,3,0,0
BRDA:55,3,1,5
BRDA:56,4,0,5
BRDA:56,4,1,0
BRDA:66,5,0,2
BRDA:66,5,1,2
BRDA:66,6,0,4
BRDA:66,6,1,4
BRF:14
BRH:9
end_of_record
TN:
SF:/Users/DevAC/Desktop/Angaza/react-offline-sync/src/utils/nonNullable.ts
FN:2,nonNullable
FNF:1
FNH:0
FNDA:0,nonNullable
DA:3,0
LF:1
LH:0
BRF:0
BRH:0
end_of_record
TN:
SF:/Users/DevAC/Desktop/Angaza/react-offline-sync/src/utils/wait.ts
FN:1,wait
FN:1,(anonymous_1)
FNF:2
FNH:2
FNDA:4,wait
FNDA:4,(anonymous_1)
DA:1,4
DA:2,1
LF:2
LH:2
BRF:0
BRH:0
end_of_record
