TN:
SF:/Users/DevAC/Desktop/Angaza/react-offline-sync/src/components/NetworkConnectivity.tsx
FN:17,validateProps
FN:46,(anonymous_22)
FN:57,NetworkConnectivity
FN:50,(anonymous_24)
FN:103,(anonymous_25)
FN:111,(anonymous_26)
FN:138,(anonymous_29)
FN:147,(anonymous_30)
FN:65,(anonymous_31)
FN:80,(anonymous_34)
FN:91,(anonymous_35)
FN:96,(anonymous_36)
FN:153,(anonymous_37)
FN:54,onConnectivityChange
FNF:14
FNH:12
FNDA:23,validateProps
FNDA:4,(anonymous_22)
FNDA:23,NetworkConnectivity
FNDA:0,(anonymous_24)
FNDA:2,(anonymous_25)
FNDA:4,(anonymous_26)
FNDA:2,(anonymous_29)
FNDA:2,(anonymous_30)
FNDA:15,(anonymous_31)
FNDA:2,(anonymous_34)
FNDA:0,(anonymous_35)
FNDA:16,(anonymous_36)
FNDA:16,(anonymous_37)
FNDA:1,onConnectivityChange
DA:1,4
DA:2,4
DA:3,4
DA:4,4
DA:5,4
DA:7,4
DA:18,23
DA:19,1
DA:23,22
DA:24,1
DA:26,21
DA:27,1
DA:29,20
DA:30,1
DA:32,19
DA:33,1
DA:35,18
DA:36,1
DA:38,17
DA:39,1
DA:41,16
DA:42,1
DA:46,4
DA:50,23
DA:52,4
DA:54,1
DA:58,23
DA:59,23
DA:60,15
DA:65,4
DA:66,15
DA:67,15
DA:69,15
DA:71,30
DA:72,0
DA:73,0
DA:75,15
DA:76,1
DA:80,4
DA:81,2
DA:82,2
DA:83,2
DA:84,0
DA:86,2
DA:87,1
DA:91,4
DA:92,0
DA:93,0
DA:96,4
DA:97,16
DA:98,16
DA:103,23
DA:104,2
DA:105,1
DA:107,1
DA:111,23
DA:112,2
DA:119,2
DA:120,1
DA:122,1
DA:132,0
DA:138,23
DA:139,2
DA:140,2
DA:141,2
DA:142,1
DA:144,1
DA:147,23
DA:148,2
DA:153,4
DA:154,16
DA:155,16
DA:157,4
DA:159,4
LF:74
LH:68
BRDA:18,0,0,1
BRDA:18,0,1,22
BRDA:23,1,0,1
BRDA:23,1,1,21
BRDA:26,2,0,1
BRDA:26,2,1,20
BRDA:29,3,0,1
BRDA:29,3,1,19
BRDA:32,4,0,1
BRDA:32,4,1,18
BRDA:35,5,0,1
BRDA:35,5,1,17
BRDA:38,6,0,1
BRDA:38,6,1,16
BRDA:41,7,0,1
BRDA:41,7,1,15
BRDA:58,8,0,23
BRDA:58,8,1,23
BRDA:104,9,0,1
BRDA:104,9,1,1
BRDA:119,10,0,1
BRDA:119,10,1,1
BRDA:119,11,0,2
BRDA:119,11,1,2
BRDA:141,12,0,1
BRDA:141,12,1,1
BRDA:141,13,0,2
BRDA:141,13,1,1
BRDA:71,14,0,15
BRDA:71,14,1,0
BRDA:75,15,0,1
BRDA:75,15,1,14
BRDA:83,16,0,0
BRDA:83,16,1,2
BRDA:86,17,0,1
BRDA:86,17,1,1
BRDA:99,18,0,14
BRDA:99,18,1,2
BRF:38
BRH:36
end_of_record
TN:
SF:/Users/DevAC/Desktop/Angaza/react-offline-sync/src/components/NetworkConsumer.tsx
FN:9,NetworkConsumer
FN:12,(anonymous_1)
FNF:2
FNH:2
FNDA:2,NetworkConsumer
FNDA:2,(anonymous_1)
DA:1,1
DA:2,1
DA:9,2
DA:10,2
DA:13,2
DA:14,1
DA:19,1
LF:7
LH:7
BRDA:13,0,0,1
BRDA:13,0,1,1
BRF:2
BRH:2
end_of_record
TN:
SF:/Users/DevAC/Desktop/Angaza/react-offline-sync/src/components/NetworkContext.tsx
FNF:0
FNH:0
DA:1,2
DA:4,2
DA:6,2
LF:3
LH:3
BRF:0
BRH:0
end_of_record
TN:
SF:/Users/DevAC/Desktop/Angaza/react-offline-sync/src/components/NetworkProvider.tsx
FN:11,NetworkProvider
FN:33,(anonymous_3)
FNF:2
FNH:2
FNDA:2,NetworkProvider
FNDA:1,(anonymous_3)
DA:1,2
DA:2,2
DA:3,2
DA:5,2
DA:12,4
DA:13,4
DA:14,4
DA:15,4
DA:16,4
DA:17,4
DA:18,4
DA:19,2
DA:21,2
DA:33,1
DA:42,2
LF:15
LH:15
BRDA:12,0,0,1
BRDA:12,0,1,1
BRDA:13,1,0,1
BRDA:13,1,1,1
BRDA:14,2,0,1
BRDA:14,2,1,1
BRDA:15,3,0,1
BRDA:15,3,1,1
BRDA:16,4,0,1
BRDA:16,4,1,1
BRDA:17,5,0,1
BRDA:17,5,1,1
BRDA:18,6,0,1
BRDA:18,6,1,1
BRF:14
BRH:14
end_of_record
TN:
SF:/Users/DevAC/Desktop/Angaza/react-offline-sync/src/components/ReduxNetworkProvider.tsx
FN:25,(anonymous_9)
FN:28,(anonymous_11)
FN:35,(anonymous_12)
FN:42,(anonymous_13)
FN:48,mapStateToProps
FNF:5
FNH:5
FNDA:5,(anonymous_9)
FNDA:2,(anonymous_11)
FNDA:4,(anonymous_12)
FNDA:1,(anonymous_13)
FNDA:1,mapStateToProps
DA:1,1
DA:2,1
DA:4,1
DA:5,1
DA:8,1
DA:25,5
DA:26,1
DA:28,4
DA:29,2
DA:30,2
DA:31,1
DA:35,1
DA:36,4
DA:37,4
DA:42,1
DA:46,1
DA:48,1
DA:52,1
LF:18
LH:18
BRDA:25,0,0,4
BRDA:25,0,1,4
BRDA:25,0,2,4
BRDA:30,1,0,1
BRDA:30,1,1,1
BRF:5
BRH:5
end_of_record
TN:
SF:/Users/DevAC/Desktop/Angaza/react-offline-sync/src/redux/actionCreators.ts
FN:4,connectionChange
FN:9,fetchOfflineMode
FN:32,removeActionFromQueue
FN:37,dismissActionsFromQueue
FN:42,changeQueueSemaphore
FNF:5
FNH:5
FNDA:8,connectionChange
FNDA:19,fetchOfflineMode
FNDA:8,removeActionFromQueue
FNDA:7,dismissActionsFromQueue
FNDA:4,changeQueueSemaphore
DA:1,5
DA:4,8
DA:9,5
DA:10,38
DA:11,19
DA:12,12
DA:23,7
DA:32,8
DA:37,7
DA:42,5
LF:10
LH:10
BRDA:10,0,0,10
BRDA:10,0,1,9
BRDA:11,1,0,12
BRDA:11,1,1,7
BRF:4
BRH:4
end_of_record
TN:
SF:/Users/DevAC/Desktop/Angaza/react-offline-sync/src/redux/actionTypes.ts
FNF:0
FNH:0
DA:1,5
DA:2,5
DA:4,5
DA:6,5
DA:8,5
LF:5
LH:5
BRF:0
BRH:0
end_of_record
TN:
SF:/Users/DevAC/Desktop/Angaza/react-offline-sync/src/redux/createNetworkMiddleware.ts
FN:30,shouldDequeueSelector
FN:36,validateParams
FN:44,findActionToBeDismissed
FN:48,(anonymous_16)
FN:54,isObjectAndShouldBeIntercepted
FN:67,isThunkAndShouldBeIntercepted
FN:71,checkIfActionShouldBeIntercepted
FN:82,didComeBackOnline
FN:93,didQueueResume
FN:104,createReleaseQueue
FN:109,(anonymous_23)
FN:109,(anonymous_24)
FN:125,createNetworkMiddleware
FN:131,(anonymous_27)
FN:131,(anonymous_28)
FN:133,(anonymous_29)
FNF:16
FNH:16
FNDA:2,shouldDequeueSelector
FNDA:22,validateParams
FNDA:12,findActionToBeDismissed
FNDA:6,(anonymous_16)
FNDA:20,isObjectAndShouldBeIntercepted
FNDA:15,isThunkAndShouldBeIntercepted
FNDA:20,checkIfActionShouldBeIntercepted
FNDA:16,didComeBackOnline
FNDA:16,didQueueResume
FNDA:26,createReleaseQueue
FNDA:6,(anonymous_23)
FNDA:6,(anonymous_24)
FNDA:14,createNetworkMiddleware
FNDA:20,(anonymous_27)
FNDA:20,(anonymous_28)
FNDA:22,(anonymous_29)
DA:1,1
DA:2,1
DA:4,1
DA:9,1
DA:10,1
DA:12,1
DA:26,1
DA:30,2
DA:37,22
DA:38,1
DA:40,21
DA:41,1
DA:48,12
DA:49,6
DA:50,6
DA:59,20
DA:60,17
DA:64,3
DA:68,15
DA:76,20
DA:83,16
DA:84,6
DA:90,10
DA:94,16
DA:95,6
DA:101,10
DA:104,1
DA:109,26
DA:111,9
DA:112,8
DA:113,8
DA:114,13
DA:115,3
DA:116,3
DA:118,6
DA:120,5
DA:125,14
DA:126,28
DA:127,28
DA:128,28
DA:129,28
DA:131,20
DA:133,20
DA:134,22
DA:135,22
DA:141,22
DA:143,20
DA:149,20
DA:152,4
DA:155,16
DA:156,16
DA:159,16
DA:162,16
DA:164,2
DA:165,2
DA:170,14
DA:171,12
DA:175,12
DA:176,2
DA:181,14
DA:185,1
LF:61
LH:61
BRDA:37,0,0,1
BRDA:37,0,1,21
BRDA:40,1,0,1
BRDA:40,1,1,20
BRDA:59,2,0,17
BRDA:59,2,1,3
BRDA:59,3,0,20
BRDA:59,3,1,17
BRDA:61,4,0,17
BRDA:61,4,1,13
BRDA:68,5,0,15
BRDA:68,5,1,3
BRDA:77,6,0,20
BRDA:77,6,1,15
BRDA:83,7,0,6
BRDA:83,7,1,10
BRDA:83,8,0,16
BRDA:83,8,1,14
BRDA:85,9,0,6
BRDA:85,9,1,1
BRDA:85,9,2,1
BRDA:94,10,0,6
BRDA:94,10,1,10
BRDA:94,11,0,16
BRDA:94,11,1,14
BRDA:96,12,0,6
BRDA:96,12,1,1
BRDA:96,12,2,1
BRDA:111,13,0,1
BRDA:111,13,1,8
BRDA:114,14,0,5
BRDA:114,14,1,3
BRDA:114,15,0,8
BRDA:114,15,1,5
BRDA:114,15,2,4
BRDA:125,16,0,9
BRDA:125,16,1,5
BRDA:126,17,0,12
BRDA:126,17,1,2
BRDA:127,18,0,12
BRDA:127,18,1,2
BRDA:128,19,0,14
BRDA:128,19,1,0
BRDA:129,20,0,13
BRDA:129,20,1,1
BRDA:149,21,0,4
BRDA:149,21,1,16
BRDA:149,22,0,20
BRDA:149,22,1,7
BRDA:159,23,0,16
BRDA:159,23,1,15
BRDA:159,23,2,5
BRDA:159,23,3,2
BRDA:162,24,0,2
BRDA:162,24,1,14
BRDA:170,25,0,12
BRDA:170,25,1,2
BRDA:175,26,0,2
BRDA:175,26,1,10
BRDA:175,27,0,12
BRDA:175,27,1,2
BRF:61
BRH:60
end_of_record
TN:
SF:/Users/DevAC/Desktop/Angaza/react-offline-sync/src/redux/createReducer.ts
FN:29,handleOfflineAction
FN:62,handleRemoveActionFromQueue
FN:79,handleDismissActionsFromQueue
FN:83,(anonymous_6)
FN:94,handleChangeQueueSemaphore
FN:104,_default
FN:104,(anonymous_9)
FN:132,networkSelector
FNF:8
FNH:8
FNDA:11,handleOfflineAction
FNDA:2,handleRemoveActionFromQueue
FNDA:3,handleDismissActionsFromQueue
FNDA:9,(anonymous_6)
FNDA:2,handleChangeQueueSemaphore
FNDA:3,_default
FNDA:22,(anonymous_9)
FNDA:1,networkSelector
DA:1,3
DA:2,3
DA:4,3
DA:5,3
DA:6,3
DA:15,3
DA:22,3
DA:23,3
DA:31,11
DA:35,11
DA:38,11
DA:40,11
DA:42,8
DA:44,8
DA:47,8
DA:51,8
DA:54,8
DA:59,3
DA:66,2
DA:71,2
DA:83,3
DA:84,9
DA:85,9
DA:88,3
DA:98,2
DA:104,3
DA:105,22
DA:108,22
DA:110,2
DA:115,11
DA:122,2
DA:124,3
DA:126,2
DA:128,2
DA:133,1
LF:35
LH:35
BRDA:35,0,0,11
BRDA:35,0,1,6
BRDA:38,1,0,11
BRDA:38,1,1,5
BRDA:40,2,0,8
BRDA:40,2,1,3
BRDA:40,3,0,11
BRDA:40,3,1,7
BRDA:42,4,0,8
BRDA:42,4,1,4
BRDA:45,5,0,4
BRDA:45,5,1,4
BRDA:52,6,0,3
BRDA:52,6,1,5
BRDA:104,7,0,1
BRDA:104,7,1,2
BRDA:105,8,0,3
BRDA:105,8,1,19
BRDA:109,9,0,2
BRDA:109,9,1,11
BRDA:109,9,2,2
BRDA:109,9,3,3
BRDA:109,9,4,2
BRDA:109,9,5,2
BRF:24
BRH:24
end_of_record
TN:
SF:/Users/DevAC/Desktop/Angaza/react-offline-sync/src/redux/sagas.ts
FN:24,netInfoEventChannelFn
FN:28,intervalChannelFn
FN:29,(anonymous_8)
FN:30,(anonymous_9)
FN:31,(anonymous_10)
FN:41,createNetInfoConnectionChangeChannel
FN:52,createIntervalChannel
FN:69,netInfoChangeSaga
FN:121,connectionHandler
FN:153,connectionIntervalSaga
FN:197,checkInternetAccessSaga
FN:222,handleConnectivityChange
FN:242,networkSaga
FNF:13
FNH:12
FNDA:0,netInfoEventChannelFn
FNDA:1,intervalChannelFn
FNDA:1,(anonymous_8)
FNDA:1,(anonymous_9)
FNDA:1,(anonymous_10)
FNDA:1,createNetInfoConnectionChangeChannel
FNDA:1,createIntervalChannel
FNDA:4,netInfoChangeSaga
FNDA:2,connectionHandler
FNDA:4,connectionIntervalSaga
FNDA:2,checkInternetAccessSaga
FNDA:2,handleConnectivityChange
FNDA:3,networkSaga
DA:1,2
DA:2,2
DA:3,2
DA:4,2
DA:5,2
DA:6,2
DA:7,2
DA:9,2
DA:25,0
DA:29,1
DA:30,1
DA:31,1
DA:32,1
DA:44,1
DA:53,1
DA:54,1
DA:70,4
DA:71,4
DA:72,4
DA:73,4
DA:74,4
DA:76,7
DA:77,1
DA:78,2
DA:87,4
DA:92,6
DA:93,6
DA:94,4
DA:104,2
DA:105,2
DA:122,2
DA:123,2
DA:124,2
DA:125,2
DA:126,2
DA:127,2
DA:129,3
DA:130,2
DA:138,2
DA:154,4
DA:155,4
DA:156,4
DA:157,4
DA:158,4
DA:159,4
DA:160,4
DA:162,4
DA:168,6
DA:169,8
DA:170,2
DA:171,3
DA:172,2
DA:182,2
DA:183,1
DA:198,2
DA:199,2
DA:200,2
DA:201,2
DA:202,2
DA:204,2
DA:205,1
DA:207,1
DA:213,2
DA:223,2
DA:224,3
DA:225,2
DA:243,3
DA:254,6
DA:261,5
DA:262,2
LF:70
LH:69
BRDA:76,0,0,3
BRDA:76,0,1,1
BRDA:92,1,0,0
BRDA:92,1,1,6
BRDA:104,2,0,2
BRDA:104,2,1,0
BRDA:129,3,0,1
BRDA:129,3,1,1
BRDA:129,4,0,2
BRDA:129,4,1,2
BRDA:168,5,0,0
BRDA:168,5,1,6
BRDA:171,6,0,1
BRDA:171,6,1,1
BRDA:171,7,0,2
BRDA:171,7,1,2
BRDA:182,8,0,1
BRDA:182,8,1,1
BRDA:204,9,0,1
BRDA:204,9,1,1
BRDA:204,10,0,2
BRDA:204,10,1,1
BRDA:224,11,0,1
BRDA:224,11,1,1
BRDA:252,12,0,3
BRDA:252,12,1,1
BRDA:244,13,0,0
BRDA:244,13,1,3
BRDA:245,14,0,0
BRDA:245,14,1,3
BRDA:246,15,0,1
BRDA:246,15,1,2
BRDA:247,16,0,0
BRDA:247,16,1,3
BRDA:248,17,0,0
BRDA:248,17,1,3
BRDA:249,18,0,0
BRDA:249,18,1,3
BRDA:250,19,0,0
BRDA:250,19,1,3
BRDA:261,20,0,2
BRDA:261,20,1,1
BRF:42
BRH:33
end_of_record
TN:
SF:/Users/DevAC/Desktop/Angaza/react-offline-sync/src/utils/checkConnectivityInterval.ts
FN:3,getInterval
FN:7,setup
FN:13,clear
FNF:3
FNH:3
FNDA:2,getInterval
FNDA:3,setup
FNDA:2,clear
DA:1,5
DA:4,2
DA:8,3
DA:9,1
DA:14,2
DA:15,1
DA:16,1
LF:7
LH:7
BRDA:8,0,0,1
BRDA:8,0,1,2
BRDA:8,1,0,3
BRDA:8,1,1,2
BRDA:14,2,0,1
BRDA:14,2,1,1
BRF:6
BRH:6
end_of_record
TN:
SF:/Users/DevAC/Desktop/Angaza/react-offline-sync/src/utils/checkInternetAccess.ts
FN:23,checkInternetAccess
FN:33,(anonymous_14)
FN:33,(anonymous_15)
FNF:3
FNH:3
FNDA:4,checkInternetAccess
FNDA:4,(anonymous_14)
FNDA:4,(anonymous_15)
DA:1,7
DA:2,7
DA:17,7
DA:23,4
DA:26,4
DA:27,8
DA:28,8
DA:29,8
DA:30,8
DA:33,4
DA:35,8
DA:41,3
DA:43,1
LF:13
LH:13
BRDA:26,0,0,4
BRDA:26,0,1,1
BRDA:27,1,0,0
BRDA:27,1,1,4
BRDA:28,2,0,0
BRDA:28,2,1,4
BRDA:29,3,0,2
BRDA:29,3,1,2
BRDA:30,4,0,0
BRDA:30,4,1,4
BRF:10
BRH:7
end_of_record
TN:
SF:/Users/DevAC/Desktop/Angaza/react-offline-sync/src/utils/checkInternetConnection.ts
FN:19,checkInternetConnection
FN:26,(anonymous_16)
FN:26,(anonymous_17)
FNF:3
FNH:1
FNDA:1,checkInternetConnection
FNDA:0,(anonymous_16)
FNDA:0,(anonymous_17)
DA:1,1
DA:2,1
DA:3,1
DA:20,1
DA:21,1
DA:22,1
DA:23,1
DA:24,1
DA:26,1
DA:27,0
DA:28,0
DA:34,0
DA:36,0
LF:13
LH:9
BRDA:20,0,0,0
BRDA:20,0,1,1
BRDA:21,1,0,0
BRDA:21,1,1,1
BRDA:22,2,0,0
BRDA:22,2,1,1
BRDA:23,3,0,1
BRDA:23,3,1,0
BRDA:24,4,0,1
BRDA:24,4,1,0
BRDA:27,5,0,0
BRDA:27,5,1,0
BRF:12
BRH:5
end_of_record
TN:
SF:/Users/DevAC/Desktop/Angaza/react-offline-sync/src/utils/constants.ts
FNF:0
FNH:0
DA:3,12
DA:4,12
DA:5,12
DA:6,12
DA:7,12
DA:8,12
DA:13,12
LF:7
LH:7
BRF:0
BRH:0
end_of_record
TN:
SF:/Users/DevAC/Desktop/Angaza/react-offline-sync/src/utils/getSimilarActionInQueue.ts
FN:10,getSimilarActionInQueue
FN:15,(anonymous_1)
FN:18,(anonymous_2)
FNF:3
FNH:3
FNDA:16,getSimilarActionInQueue
FNDA:7,(anonymous_1)
FNDA:7,(anonymous_2)
DA:1,4
DA:14,16
DA:15,7
DA:17,9
DA:18,8
DA:20,1
LF:6
LH:6
BRDA:14,0,0,7
BRDA:14,0,1,9
BRDA:17,1,0,8
BRDA:17,1,1,1
BRF:4
BRH:4
end_of_record
TN:
SF:/Users/DevAC/Desktop/Angaza/react-offline-sync/src/utils/makeHttpRequest.ts
FN:51,makeHttpRequest
FN:59,(anonymous_3)
FN:64,onLoad
FN:76,onError
FN:81,onTimeOut
FN:88,(anonymous_7)
FNF:6
FNH:6
FNDA:9,makeHttpRequest
FNDA:9,(anonymous_3)
FNDA:4,onLoad
FNDA:1,onError
FNDA:1,onTimeOut
FNDA:28,(anonymous_7)
DA:1,7
DA:28,7
DA:45,7
DA:52,9
DA:53,18
DA:54,18
DA:55,18
DA:56,18
DA:57,9
DA:59,9
DA:61,9
DA:62,9
DA:63,9
DA:64,9
DA:66,4
DA:67,2
DA:71,2
DA:76,9
DA:77,1
DA:81,9
DA:82,1
DA:87,9
DA:88,9
DA:89,28
DA:90,28
DA:92,9
LF:26
LH:26
BRDA:52,0,0,9
BRDA:52,0,1,1
BRDA:53,1,0,0
BRDA:53,1,1,9
BRDA:54,2,0,0
BRDA:54,2,1,9
BRDA:55,3,0,0
BRDA:55,3,1,9
BRDA:56,4,0,7
BRDA:56,4,1,2
BRDA:66,5,0,2
BRDA:66,5,1,2
BRDA:66,6,0,4
BRDA:66,6,1,4
BRF:14
BRH:11
end_of_record
TN:
SF:/Users/DevAC/Desktop/Angaza/react-offline-sync/src/utils/nonNullable.ts
FN:2,nonNullable
FNF:1
FNH:1
FNDA:15,nonNullable
DA:3,15
LF:1
LH:1
BRF:0
BRH:0
end_of_record
TN:
SF:/Users/DevAC/Desktop/Angaza/react-offline-sync/src/utils/objectEntries.ts
FNF:0
FNH:0
DA:1,1
DA:5,1
LF:2
LH:2
BRF:0
BRH:0
end_of_record
TN:
SF:/Users/DevAC/Desktop/Angaza/react-offline-sync/src/utils/wait.ts
FN:1,wait
FN:1,(anonymous_1)
FNF:2
FNH:2
FNDA:4,wait
FNDA:4,(anonymous_1)
DA:1,4
DA:2,1
LF:2
LH:2
BRF:0
BRH:0
end_of_record
